2024-12-14 06:33:53Custom fields tidak ditemukan atau formatnya tidak valid.2024-12-14 06:34:33Custom fields tidak ditemukan atau formatnya tidak valid.2024-12-14 06:36:31Custom fields tidak ditemukan atau formatnya tidak valid.2024-12-14 06:41:59 Decoded custom_field1: 
2024-12-14 06:41:59 Decoded custom_field2: 
2024-12-14 06:41:59Custom fields tidak ditemukan atau formatnya tidak valid.2024-12-14 06:43:45 Decoded custom_field1: Array
(
    [extra_field1] => Muhammad Ariel Ramo
    [extra_field2] => kafop72865@pokeline.com
    [extra_field3] => 085771282700
)

2024-12-14 06:43:45 Decoded custom_field2: Array
(
    [extra_field4] => ticket_675d255c389958.83564807
    [extra_field5] => 139
    [extra_field6] => 6
)

2024-12-14 06:44:38 Decoded custom_field1: Array
(
    [extra_field1] => Muhammad Ariel Ramo
    [extra_field2] => rocogox952@bawsny.com
    [extra_field3] => 085771282700
)

2024-12-14 06:44:38 Decoded custom_field2: Array
(
    [extra_field4] => ticket_675d2952b5b859.98754598
    [extra_field5] => 143
    [extra_field6] => 6
)

2024-12-14 06:47:07 Decoded custom_field1: Array
(
    [extra_field1] => Muhammad Ariel Ramo
    [extra_field2] => mapiheb948@iminko.com
    [extra_field3] => 085771282700
)

2024-12-14 06:47:07 Decoded custom_field2: Array
(
    [extra_field4] => ticket_675d26241207e2.75985156
    [extra_field5] => 140
    [extra_field6] => 6
)

2024-12-14 06:47:36 Decoded custom_field1: Array
(
    [extra_field1] => Muhammad Ariel Ramo
    [extra_field2] => rocogox952@bawsny.com
    [extra_field3] => 085771282700
)

2024-12-14 06:47:36 Decoded custom_field2: Array
(
    [extra_field4] => ticket_675d2952b5b859.98754598
    [extra_field5] => 143
    [extra_field6] => 6
)

2024-12-14 06:50:34 Decoded custom_field1: Array
(
    [extra_field1] => Muhammad Ariel Ramo
    [extra_field2] => pevih50129@eoilup.com
    [extra_field3] => 085771282700
)

2024-12-14 06:50:34 Decoded custom_field2: Array
(
    [extra_field4] => ticket_675d26f433cdc1.87288149
    [extra_field5] => 141
    [extra_field6] => 6
)

2024-12-14 06:53:03 Decoded custom_field1: Array
(
    [extra_field1] => Muhammad Ariel Ramo
    [extra_field2] => dijoj43149@ckuer.com
    [extra_field3] => 085771282700
)

2024-12-14 06:53:03 Decoded custom_field2: Array
(
    [extra_field4] => ticket_675d2b495f5193.83079123
    [extra_field5] => 144
    [extra_field6] => 6
)

2024-12-14 06:53:10 Decoded custom_field1: Array
(
    [extra_field1] => Muhammad Ariel Ramo
    [extra_field2] => dijoj43149@ckuer.com
    [extra_field3] => 085771282700
)

2024-12-14 06:53:10 Decoded custom_field2: Array
(
    [extra_field4] => ticket_675d2b495f5193.83079123
    [extra_field5] => 144
    [extra_field6] => 6
)

2024-12-14 06:58:00 Decoded custom_field1: Array
(
    [extra_field1] => Muhammad Ariel Ramo
    [extra_field2] => vevoh12091@pokeline.com
    [extra_field3] => 085771282700
)

2024-12-14 06:58:00 Decoded custom_field2: Array
(
    [extra_field4] => ticket_675d28b2d293f7.50615371
    [extra_field5] => 142
    [extra_field6] => 6
)

2024-12-14 06:59:12 Decoded custom_field1: Array
(
    [extra_field1] => Muhammad Ariel Ramo
    [extra_field2] => helosa9760@bawsny.com
    [extra_field3] => 085771282700
)

2024-12-14 06:59:12 Decoded custom_field2: Array
(
    [extra_field4] => ticket_675d2cbb772da1.48849160
    [extra_field5] => 145
    [extra_field6] => 6
)

2024-12-14 06:59:17 Decoded custom_field1: Array
(
    [extra_field1] => Muhammad Ariel Ramo
    [extra_field2] => helosa9760@bawsny.com
    [extra_field3] => 085771282700
)

2024-12-14 06:59:18 Decoded custom_field2: Array
(
    [extra_field4] => ticket_675d2cbb772da1.48849160
    [extra_field5] => 145
    [extra_field6] => 6
)

2024-12-14 06:59:22 QR Code generated: C:\laragon\www\final-project\midtrans/../uploads/qr_code/qr_6_145.png
2024-12-14 06:59:22 Email sent to: helosa9760@bawsny.com with QR Code
2024-12-17 16:19:42 Decoded custom_field1: Array
(
    [extra_field1] => Muhammad Ariel Ramo
    [extra_field2] => arielramo2005@gmail.com
    [extra_field3] => 085771282700
)

2024-12-17 16:19:42 Decoded custom_field2: Array
(
    [extra_field4] => ticket_6761a48f17fa33.27977873
    [extra_field5] => 16
    [extra_field6] => 20
)

2024-12-17 16:20:42 Decoded custom_field1: Array
(
    [extra_field1] => Muhammad Ariel Ramo
    [extra_field2] => arielramo2005@gmail.com
    [extra_field3] => 085771282700
)

2024-12-17 16:20:42 Decoded custom_field2: Array
(
    [extra_field4] => ticket_6761a48f17fa33.27977873
    [extra_field5] => 16
    [extra_field6] => 20
)

2024-12-17 16:20:45 QR Code generated: C:\laragon\www\final-project\midtrans/../uploads/qr_code/qr_20_16.png
2024-12-17 16:20:45 Email sent to: arielramo2005@gmail.com with QR Code
2024-12-17 16:20:45SQLSTATE[01000]: Warning: 1265 Data truncated for column 'transaction_status' at row 12024-12-17 16:21:55 Decoded custom_field1: Array
(
    [extra_field1] => Muhammad Ariel Ramo
    [extra_field2] => nitobel303@cctoolz.com
    [extra_field3] => 085771282700
)

2024-12-17 16:21:55 Decoded custom_field2: Array
(
    [extra_field4] => ticket_6761a51f2e0972.26716254
    [extra_field5] => 1151
    [extra_field6] => 20
)

2024-12-17 16:22:51 Decoded custom_field1: Array
(
    [extra_field1] => Muhammad Ariel Ramo
    [extra_field2] => nitobel303@cctoolz.com
    [extra_field3] => 085771282700
)

2024-12-17 16:22:51 Decoded custom_field2: Array
(
    [extra_field4] => ticket_6761a51f2e0972.26716254
    [extra_field5] => 1151
    [extra_field6] => 20
)

2024-12-17 16:22:54 QR Code generated: C:\laragon\www\final-project\midtrans/../uploads/qr_code/qr_20_1151.png
2024-12-17 16:22:54 Email sent to: nitobel303@cctoolz.com with QR Code
2024-12-17 16:22:54SQLSTATE[01000]: Warning: 1265 Data truncated for column 'transaction_status' at row 12024-12-17 16:47:34 Decoded custom_field1: Array
(
    [extra_field1] => Muhammad Ariel Ramo
    [extra_field2] => dofim58548@kelenson.com
    [extra_field3] => 085771282700
)

2024-12-17 16:47:34 Decoded custom_field2: Array
(
    [extra_field4] => ticket_6761ab16c2af88.90762781
    [extra_field5] => 20
)

2024-12-17 16:48:22 Decoded custom_field1: Array
(
    [extra_field1] => Muhammad Ariel Ramo
    [extra_field2] => dofim58548@kelenson.com
    [extra_field3] => 085771282700
)

2024-12-17 16:48:22 Decoded custom_field2: Array
(
    [extra_field4] => ticket_6761ab16c2af88.90762781
    [extra_field5] => 20
)

2024-12-17 16:48:25 QR Code generated: C:\laragon\www\final-project\midtrans/../uploads/qr_code/qr_20_.png
2024-12-17 16:48:25 Email sent to: dofim58548@kelenson.com with QR Code
2024-12-17 16:51:43 Decoded custom_field1: Array
(
    [extra_field1] => Muhammad Ariel Ramo
    [extra_field2] => vobom64595@kelenson.com
    [extra_field3] => 085771282700
)

2024-12-17 16:51:43 Decoded custom_field2: Array
(
    [extra_field4] => ticket_6761ac1ccc5fc0.68917044
    [extra_field5] => 20
)

2024-12-17 16:51:48 Decoded custom_field1: Array
(
    [extra_field1] => Muhammad Ariel Ramo
    [extra_field2] => vobom64595@kelenson.com
    [extra_field3] => 085771282700
)

2024-12-17 16:51:48 Decoded custom_field2: Array
(
    [extra_field4] => ticket_6761ac1ccc5fc0.68917044
    [extra_field5] => 20
)

2024-12-17 16:51:51 QR Code generated: C:\laragon\www\final-project\midtrans/../uploads/qr_code/qr_20_.png
2024-12-17 16:51:51 Email sent to: vobom64595@kelenson.com with QR Code
2024-12-17 17:11:06 Decoded custom_field1: Array
(
    [extra_field1] => Muhammad Ariel Ramo
    [extra_field2] => voxefom649@cctoolz.com
    [extra_field3] => 085771282700
)

2024-12-17 17:11:06 Decoded custom_field2: Array
(
    [extra_field4] => ticket_6761b09b9f3a46.37875039
    [extra_field5] => 20
)

2024-12-17 17:27:07 Decoded custom_field1: Array
(
    [extra_field1] => Muhammad Ariel Ramo
    [extra_field2] => voxefom649@cctoolz.com
    [extra_field3] => 085771282700
)

2024-12-17 17:27:07 Decoded custom_field2: Array
(
    [extra_field4] => ticket_6761b09b9f3a46.37875039
    [extra_field5] => 20
)

2024-12-17 17:50:36 Decoded custom_field1: Array
(
    [extra_field1] => Muhammad Ariel Ramo
    [extra_field2] => voxefom649@cctoolz.com
    [extra_field3] => 085771282700
)

2024-12-17 17:50:36 Decoded custom_field2: Array
(
    [extra_field4] => ticket_6761b9df3fc778.05406059
    [extra_field5] => 20
)

2024-12-17 18:06:37 Decoded custom_field1: Array
(
    [extra_field1] => Muhammad Ariel Ramo
    [extra_field2] => voxefom649@cctoolz.com
    [extra_field3] => 085771282700
)

2024-12-17 18:06:37 Decoded custom_field2: Array
(
    [extra_field4] => ticket_6761b9df3fc778.05406059
    [extra_field5] => 20
)

2024-12-18 02:56:10 Decoded custom_field1: Array
(
    [extra_field1] => Muhammad Ariel Ramo
    [extra_field2] => mixamo6571@cctoolz.com
    [extra_field3] => 085771282700
)

2024-12-18 02:56:10 Decoded custom_field2: Array
(
    [extra_field4] => ticket_676239c332d132.65775979
    [extra_field5] => 20
)

2024-12-18 02:56:22 Decoded custom_field1: Array
(
    [extra_field1] => Muhammad Ariel Ramo
    [extra_field2] => mixamo6571@cctoolz.com
    [extra_field3] => 085771282700
)

2024-12-18 02:56:22 Decoded custom_field2: Array
(
    [extra_field4] => ticket_676239d14243e7.28338549
    [extra_field5] => 20
)

2024-12-18 02:56:26 Decoded custom_field1: Array
(
    [extra_field1] => Muhammad Ariel Ramo
    [extra_field2] => mixamo6571@cctoolz.com
    [extra_field3] => 085771282700
)

2024-12-18 02:56:26 Decoded custom_field2: Array
(
    [extra_field4] => ticket_676239d743a997.26919824
    [extra_field5] => 20
)

2024-12-18 03:01:55 Decoded custom_field1: Array
(
    [extra_field1] => Muhammad Ariel Ramo
    [extra_field2] => lomit55417@chosenx.com
    [extra_field3] => 085771282700
)

2024-12-18 03:01:55 Decoded custom_field2: Array
(
    [extra_field4] => ticket_67623b1d434f01.14891981
    [extra_field5] => 20
)

2024-12-18 03:02:05 Decoded custom_field1: Array
(
    [extra_field1] => Muhammad Ariel Ramo
    [extra_field2] => lomit55417@chosenx.com
    [extra_field3] => 085771282700
)

2024-12-18 03:02:05 Decoded custom_field2: Array
(
    [extra_field4] => ticket_67623b22885016.56481061
    [extra_field5] => 20
)

2024-12-18 03:04:03 Decoded custom_field1: Array
(
    [extra_field1] => Muhammad Ariel Ramo
    [extra_field2] => nayik30332@mowline.com
    [extra_field3] => 085771282700
)

2024-12-18 03:04:03 Decoded custom_field2: Array
(
    [extra_field4] => ticket_67623b9d5ae3e9.36694178
    [extra_field5] => 20
)

2024-12-18 03:08:43 Decoded custom_field1: Array
(
    [extra_field1] => Muhammad Ariel Ramo
    [extra_field2] => vagoyi4396@mowline.com
    [extra_field3] => 085771282700
)

2024-12-18 03:08:43 Decoded custom_field2: Array
(
    [extra_field4] => ticket_67623cb68d7ca9.98546809
    [extra_field5] => 20
)

2024-12-18 03:12:10 Decoded custom_field1: Array
(
    [extra_field1] => Muhammad Ariel Ramo
    [extra_field2] => mixamo6571@cctoolz.com
    [extra_field3] => 085771282700
)

2024-12-18 03:12:10 Decoded custom_field2: Array
(
    [extra_field4] => ticket_676239c332d132.65775979
    [extra_field5] => 20
)

2024-12-18 03:12:22 Decoded custom_field1: Array
(
    [extra_field1] => Muhammad Ariel Ramo
    [extra_field2] => mixamo6571@cctoolz.com
    [extra_field3] => 085771282700
)

2024-12-18 03:12:22 Decoded custom_field2: Array
(
    [extra_field4] => ticket_676239d14243e7.28338549
    [extra_field5] => 20
)

2024-12-18 03:12:28 Decoded custom_field1: Array
(
    [extra_field1] => Muhammad Ariel Ramo
    [extra_field2] => mixamo6571@cctoolz.com
    [extra_field3] => 085771282700
)

2024-12-18 03:12:28 Decoded custom_field2: Array
(
    [extra_field4] => ticket_676239d743a997.26919824
    [extra_field5] => 20
)

2024-12-18 03:17:55 Decoded custom_field1: Array
(
    [extra_field1] => Muhammad Ariel Ramo
    [extra_field2] => lomit55417@chosenx.com
    [extra_field3] => 085771282700
)

2024-12-18 03:17:55 Decoded custom_field2: Array
(
    [extra_field4] => ticket_67623b1d434f01.14891981
    [extra_field5] => 20
)

2024-12-18 03:18:07 Decoded custom_field1: Array
(
    [extra_field1] => Muhammad Ariel Ramo
    [extra_field2] => lomit55417@chosenx.com
    [extra_field3] => 085771282700
)

2024-12-18 03:18:07 Decoded custom_field2: Array
(
    [extra_field4] => ticket_67623b22885016.56481061
    [extra_field5] => 20
)

2024-12-18 03:20:05 Decoded custom_field1: Array
(
    [extra_field1] => Muhammad Ariel Ramo
    [extra_field2] => nayik30332@mowline.com
    [extra_field3] => 085771282700
)

2024-12-18 03:20:05 Decoded custom_field2: Array
(
    [extra_field4] => ticket_67623b9d5ae3e9.36694178
    [extra_field5] => 20
)

2024-12-18 03:21:14 Decoded custom_field1: Array
(
    [extra_field1] => Muhammad Ariel Ramo
    [extra_field2] => xihaw65053@rabitex.com
    [extra_field3] => 085771282700
)

2024-12-18 03:21:14 Decoded custom_field2: Array
(
    [extra_field4] => ticket_67623f905da6c5.58432827
    [extra_field5] => 20
)

2024-12-18 03:24:43 Decoded custom_field1: Array
(
    [extra_field1] => Muhammad Ariel Ramo
    [extra_field2] => vagoyi4396@mowline.com
    [extra_field3] => 085771282700
)

2024-12-18 03:24:43 Decoded custom_field2: Array
(
    [extra_field4] => ticket_67623cb68d7ca9.98546809
    [extra_field5] => 20
)

2024-12-18 03:37:16 Decoded custom_field1: Array
(
    [extra_field1] => Muhammad Ariel Ramo
    [extra_field2] => xihaw65053@rabitex.com
    [extra_field3] => 085771282700
)

2024-12-18 03:37:16 Decoded custom_field2: Array
(
    [extra_field4] => ticket_67623f905da6c5.58432827
    [extra_field5] => 20
)

2024-12-18 04:42:58 Decoded custom_field1: Array
(
    [extra_field1] => Muhammad Ariel Ramo
    [extra_field2] => cajov43053@cctoolz.com
    [extra_field3] => 085771282700
)

2024-12-18 04:42:58 Decoded custom_field2: Array
(
    [extra_field4] => ticket_676251c5acb446.37491077
    [extra_field5] => 20
    [extra_field6] => bayar
)

2024-12-18 04:44:51 Decoded custom_field1: Array
(
    [extra_field1] => Muhammad Ariel Ramo
    [extra_field2] => pifol57796@ronete.com
    [extra_field3] => 085771282700
)

2024-12-18 04:44:51 Decoded custom_field2: Array
(
    [extra_field4] => ticket_67625333b94c90.85538748
    [extra_field5] => 20
    [extra_field6] => bayar
)

2024-12-18 04:47:25 Decoded custom_field1: Array
(
    [extra_field1] => Muhammad Ariel Ramo
    [extra_field2] => pifol57796@ronete.com
    [extra_field3] => 085771282700
)

2024-12-18 04:47:25 Decoded custom_field2: Array
(
    [extra_field4] => ticket_67625333b94c90.85538748
    [extra_field5] => 20
    [extra_field6] => bayar
)

2024-12-18 04:47:28 QR Code generated: C:\laragon\www\final-project\midtrans/../uploads/qr_code/qr_20_.png
2024-12-18 04:47:28 Email sent to: pifol57796@ronete.com with QR Code
2024-12-18 08:17:50Midtrans API is returning API error. HTTP status code: 404 API response: {"status_code":"404","status_message":"Transaction doesn't exist.","id":"11c90e39-02f7-4075-81f9-9190c8530dbd"}2024-12-18 14:45:06 Decoded custom_field1: Array
(
    [extra_field1] => Muhammad Ariel Ramo
    [extra_field2] => felav66974@rabitex.com
    [extra_field3] => 085771282700
)

2024-12-18 14:45:06 Decoded custom_field2: Array
(
    [extra_field4] => ticket_6762dfeaac3396.08146752
    [extra_field5] => 20
    [extra_field6] => bayar
)

2024-12-18 14:46:05 Decoded custom_field1: Array
(
    [extra_field1] => Muhammad Ariel Ramo
    [extra_field2] => felav66974@rabitex.com
    [extra_field3] => 085771282700
)

2024-12-18 14:46:05 Decoded custom_field2: Array
(
    [extra_field4] => ticket_6762dfeaac3396.08146752
    [extra_field5] => 20
    [extra_field6] => bayar
)

2024-12-18 14:46:08 QR Code generated: C:\laragon\www\final-project\midtrans/../uploads/qr_code/qr_20_.png
2024-12-18 14:46:08 Email sent to: felav66974@rabitex.com with QR Code
2024-12-18 14:51:26 Decoded custom_field1: Array
(
    [extra_field1] => Muhammad Ariel Ramo
    [extra_field2] => gonopev597@rabitex.com
    [extra_field3] => 085771282700
)

2024-12-18 14:51:26 Decoded custom_field2: Array
(
    [extra_field4] => ticket_6762e169dabef9.62747590
    [extra_field5] => 20
    [extra_field6] => bayar
)

2024-12-18 14:52:20Payload kosong. Midtrans tidak mengirimkan data.2024-12-18 14:58:50 Decoded custom_field1: Array
(
    [extra_field1] => Muhammad Ariel Ramo
    [extra_field2] => kelesa9067@kelenson.com
    [extra_field3] => 085771282700
)

2024-12-18 14:58:50 Decoded custom_field2: Array
(
    [extra_field4] => ticket_6762e325bd5464.22241290
    [extra_field5] => 20
    [extra_field6] => bayar
)

2024-12-18 15:07:28 Decoded custom_field1: Array
(
    [extra_field1] => Muhammad Ariel Ramo
    [extra_field2] => gonopev597@rabitex.com
    [extra_field3] => 085771282700
)

2024-12-18 15:07:28 Decoded custom_field2: Array
(
    [extra_field4] => ticket_6762e169dabef9.62747590
    [extra_field5] => 20
    [extra_field6] => bayar
)

2024-12-18 15:14:52 Decoded custom_field1: Array
(
    [extra_field1] => Muhammad Ariel Ramo
    [extra_field2] => kelesa9067@kelenson.com
    [extra_field3] => 085771282700
)

2024-12-18 15:14:52 Decoded custom_field2: Array
(
    [extra_field4] => ticket_6762e325bd5464.22241290
    [extra_field5] => 20
    [extra_field6] => bayar
)

2024-12-18 15:17:58 Decoded custom_field1: Array
(
    [extra_field1] => Muhammad Ariel Ramo
    [extra_field2] => kelesa9067@kelenson.com
    [extra_field3] => 085771282700
)

2024-12-18 15:17:58 Decoded custom_field2: Array
(
    [extra_field4] => ticket_6762e7a1e73ba1.14872633
    [extra_field5] => 6
    [extra_field6] => contoj acara berbayar
)

2024-12-18 15:27:43 Decoded custom_field1: Array
(
    [extra_field1] => Muhammad Ariel Ramo
    [extra_field2] => kelesa9067@kelenson.com
    [extra_field3] => 085771282700
)

2024-12-18 15:27:43 Decoded custom_field2: Array
(
    [extra_field4] => ticket_6762e7a1e73ba1.14872633
    [extra_field5] => 6
    [extra_field6] => contoj acara berbayar
)

2024-12-18 15:27:47 QR Code generated: C:\laragon\www\final-project\midtrans/../uploads/qr_code/qr_6_.png
2024-12-18 15:27:47 Email sent to: kelesa9067@kelenson.com with QR Code
2024-12-18 15:37:15 Decoded custom_field1: Array
(
    [extra_field1] => Muhammad Ariel Ramo
    [extra_field2] => vayap69348@kelenson.com
    [extra_field3] => 085771282700
)

2024-12-18 15:37:15 Decoded custom_field2: Array
(
    [extra_field4] => ticket_6762ec27a89d06.45861366
    [extra_field5] => 20
    [extra_field6] => bayar
)

2024-12-18 15:39:09 Decoded custom_field1: Array
(
    [extra_field1] => Muhammad Ariel Ramo
    [extra_field2] => vayap69348@kelenson.com
    [extra_field3] => 085771282700
)

2024-12-18 15:39:09 Decoded custom_field2: Array
(
    [extra_field4] => ticket_6762ec9a268f68.28706862
    [extra_field5] => 6
    [extra_field6] => contoj acara berbayar
)

2024-12-18 15:40:09 Decoded custom_field1: Array
(
    [extra_field1] => Muhammad Ariel Ramo
    [extra_field2] => pawis91673@ronete.com
    [extra_field3] => 085771282700
)

2024-12-18 15:40:09 Decoded custom_field2: Array
(
    [extra_field4] => ticket_6762ecd5e42401.99431200
    [extra_field5] => 20
    [extra_field6] => bayar
)

2024-12-18 15:53:16 Decoded custom_field1: Array
(
    [extra_field1] => Muhammad Ariel Ramo
    [extra_field2] => vayap69348@kelenson.com
    [extra_field3] => 085771282700
)

2024-12-18 15:53:16 Decoded custom_field2: Array
(
    [extra_field4] => ticket_6762ec27a89d06.45861366
    [extra_field5] => 20
    [extra_field6] => bayar
)

2024-12-18 15:55:10 Decoded custom_field1: Array
(
    [extra_field1] => Muhammad Ariel Ramo
    [extra_field2] => vayap69348@kelenson.com
    [extra_field3] => 085771282700
)

2024-12-18 15:55:10 Decoded custom_field2: Array
(
    [extra_field4] => ticket_6762ec9a268f68.28706862
    [extra_field5] => 6
    [extra_field6] => contoj acara berbayar
)

2024-12-18 15:56:10 Decoded custom_field1: Array
(
    [extra_field1] => Muhammad Ariel Ramo
    [extra_field2] => pawis91673@ronete.com
    [extra_field3] => 085771282700
)

2024-12-18 15:56:10 Decoded custom_field2: Array
(
    [extra_field4] => ticket_6762ecd5e42401.99431200
    [extra_field5] => 20
    [extra_field6] => bayar
)

2024-12-18 17:17:46 Decoded custom_field1: Array
(
    [extra_field1] => Muhammad Ariel Ramo
    [extra_field2] => kepoxom165@kelenson.com
    [extra_field3] => 085771282700
)

2024-12-18 17:17:46 Decoded custom_field2: Array
(
    [extra_field4] => ticket_676303b5776042.25477606
    [extra_field5] => 20
    [extra_field6] => bayar
)

2024-12-18 17:33:05 Decoded custom_field1: Array
(
    [extra_field1] => Muhammad Ariel Ramo
    [extra_field2] => kepoxom165@kelenson.com
    [extra_field3] => 085771282700
)

2024-12-18 17:33:05 Decoded custom_field2: Array
(
    [extra_field4] => ticket_676305d1a9aa72.60880255
    [extra_field5] => 6
    [extra_field6] => contoj acara berbayar
)

2024-12-18 17:33:09 QR Code generated: C:\laragon\www\final-project\midtrans/../uploads/qr_code/qr_6_.png
2024-12-18 17:33:09 Email sent to: kepoxom165@kelenson.com with QR Code
2024-12-18 17:33:47 Decoded custom_field1: Array
(
    [extra_field1] => Muhammad Ariel Ramo
    [extra_field2] => kepoxom165@kelenson.com
    [extra_field3] => 085771282700
)

2024-12-18 17:33:47 Decoded custom_field2: Array
(
    [extra_field4] => ticket_676303b5776042.25477606
    [extra_field5] => 20
    [extra_field6] => bayar
)

2024-12-19 02:16:22 Decoded custom_field1: Array
(
    [extra_field1] => Muhammad Ariel Ramo
    [extra_field2] => sokgoi@tempmailto.org
    [extra_field3] => 085771282700
)

2024-12-19 02:16:22 Decoded custom_field2: Array
(
    [extra_field4] => ticket_676381edb52db7.81523041
    [extra_field5] => 20
    [extra_field6] => bayar
)

2024-12-19 02:49:10 Decoded custom_field1: Array
(
    [extra_field1] => Muhammad Ariel Ramo
    [extra_field2] => sugfam@tempmailto.org
    [extra_field3] => 085771282700
)

2024-12-19 02:49:10 Decoded custom_field2: Array
(
    [extra_field4] => ticket_676385df95b732.25667603
    [extra_field5] => 6
    [extra_field6] => contoj acara berbayar
)

2024-12-19 02:57:41 Decoded custom_field1: Array
(
    [extra_field1] => Muhammad Ariel Ramo
    [extra_field2] => sugfam@tempmailto.org
    [extra_field3] => 085771282700
)

2024-12-19 02:57:41 Decoded custom_field2: Array
(
    [extra_field4] => ticket_676387e001b403.14853823
    [extra_field5] => 6
    [extra_field6] => contoj acara berbayar
)

2024-12-19 03:18:11 Decoded custom_field1: Array
(
    [extra_field1] => Muhammad Ariel Ramo
    [extra_field2] => tarlaf@tempmailto.org
    [extra_field3] => 085771282700
)

2024-12-19 03:18:11 Decoded custom_field2: Array
(
    [extra_field4] => ticket_6763906f20bb12.92541211
    [extra_field5] => 6
    [extra_field6] => contoj acara berbayar
)

2024-12-19 03:20:17 Decoded custom_field1: Array
(
    [extra_field1] => Muhammad Ariel Ramo
    [extra_field2] => tarlaf@tempmailto.org
    [extra_field3] => 085771282700
)

2024-12-19 03:20:17 Decoded custom_field2: Array
(
    [extra_field4] => ticket_6763906f20bb12.92541211
    [extra_field5] => 6
    [extra_field6] => contoj acara berbayar
)

2024-12-19 03:20:21 QR Code generated: C:\laragon\www\final-project\midtrans/../uploads/qr_code/qr_6_.png
2024-12-19 03:20:21 Email sent to: tarlaf@tempmailto.org with QR Code
2024-12-19 03:20:21Unable to create output file C:\laragon\www\final-project\src/../asstes/uploads/invoices/invoice_order_6763906f20be54.92430207.pdf2024-12-19 03:28:50 Decoded custom_field1: Array
(
    [extra_field1] => Muhammad Ariel Ramo
    [extra_field2] => rabavik697@ronete.com
    [extra_field3] => 085771282700
)

2024-12-19 03:28:50 Decoded custom_field2: Array
(
    [extra_field4] => ticket_676392ed130e88.97864650
    [extra_field5] => 6
    [extra_field6] => contoj acara berbayar
)

2024-12-19 03:28:50Unable to create output file C:\laragon\www\final-project\src/../asstes/uploads/invoices/invoice_order_676392ed131005.77741236.pdf2024-12-19 03:30:17 Decoded custom_field1: Array
(
    [extra_field1] => Muhammad Ariel Ramo
    [extra_field2] => rabavik697@ronete.com
    [extra_field3] => 085771282700
)

2024-12-19 03:30:17 Decoded custom_field2: Array
(
    [extra_field4] => ticket_676392ed130e88.97864650
    [extra_field5] => 6
    [extra_field6] => contoj acara berbayar
)

2024-12-19 03:30:20 QR Code generated: C:\laragon\www\final-project\midtrans/../uploads/qr_code/qr_6_.png
2024-12-19 03:30:20 Email sent to: rabavik697@ronete.com with QR Code
2024-12-19 03:30:20Unable to create output file C:\laragon\www\final-project\src/../asstes/uploads/invoices/invoice_order_676392ed131005.77741236.pdf2024-12-19 03:41:55 Decoded custom_field1: Array
(
    [extra_field1] => Muhammad Ariel Ramo
    [extra_field2] => vocigir378@mowline.com
    [extra_field3] => 085771282700
)

2024-12-19 03:41:55 Decoded custom_field2: Array
(
    [extra_field4] => ticket_676395f74aaff7.74125059
    [extra_field5] => 6
    [extra_field6] => contoj acara berbayar
)

2024-12-19 03:47:07 Decoded custom_field1: Array
(
    [extra_field1] => Muhammad Ariel Ramo
    [extra_field2] => vocigir378@mowline.com
    [extra_field3] => 085771282700
)

2024-12-19 03:47:07 Decoded custom_field2: Array
(
    [extra_field4] => ticket_676395f74aaff7.74125059
    [extra_field5] => 6
    [extra_field6] => contoj acara berbayar
)

2024-12-19 03:47:10 QR Code generated: C:\laragon\www\final-project\midtrans/../uploads/qr_code/qr_6_.png
2024-12-19 03:47:10 Email sent to: vocigir378@mowline.com with QR Code
2024-12-19 03:47:11 PDF invoice generated: C:\laragon\www\final-project\src/../assets/uploads/invoices/invoice_order_676395f74ab0f2.17325511.pdf
2024-12-19 03:51:04 Decoded custom_field1: Array
(
    [extra_field1] => Muhammad Ariel Ramo
    [extra_field2] => kegayit627@ronete.com
    [extra_field3] => 085771282700
)

2024-12-19 03:51:04 Decoded custom_field2: Array
(
    [extra_field4] => ticket_67639824c0d252.97229006
    [extra_field5] => 6
    [extra_field6] => contoj acara berbayar
)

2024-12-19 03:51:04 PDF invoice generated: C:\laragon\www\final-project\src/../assets/uploads/invoices/invoice_order_67639824c0d323.53553367.pdf
2024-12-19 03:53:19 Decoded custom_field1: Array
(
    [extra_field1] => Muhammad Ariel Ramo
    [extra_field2] => kegayit627@ronete.com
    [extra_field3] => 085771282700
)

2024-12-19 03:53:19 Decoded custom_field2: Array
(
    [extra_field4] => ticket_67639824c0d252.97229006
    [extra_field5] => 6
    [extra_field6] => contoj acara berbayar
)

2024-12-19 03:53:23 QR Code generated: C:\laragon\www\final-project\midtrans/../uploads/qr_code/qr_6_.png
2024-12-19 03:53:23 Email sent to: kegayit627@ronete.com with QR Code
2024-12-19 03:53:23 PDF invoice generated: C:\laragon\www\final-project\src/../assets/uploads/invoices/invoice_order_67639824c0d323.53553367.pdf
2024-12-19 03:56:50 Decoded custom_field1: Array
(
    [extra_field1] => Muhammad Ariel Ramo
    [extra_field2] => gegat95020@mowline.com
    [extra_field3] => 085771282700
)

2024-12-19 03:56:50 Decoded custom_field2: Array
(
    [extra_field4] => ticket_6763997e4fd0f5.94925187
    [extra_field5] => 6
    [extra_field6] => contoj acara berbayar
)

2024-12-19 03:56:51 PDF invoice generated: C:\laragon\www\final-project\src/../assets/uploads/invoices/invoice_order_6763997e4fd244.06686310.pdf
2024-12-19 03:57:17 Decoded custom_field1: Array
(
    [extra_field1] => Muhammad Ariel Ramo
    [extra_field2] => gegat95020@mowline.com
    [extra_field3] => 085771282700
)

2024-12-19 03:57:17 Decoded custom_field2: Array
(
    [extra_field4] => ticket_6763997e4fd0f5.94925187
    [extra_field5] => 6
    [extra_field6] => contoj acara berbayar
)

2024-12-19 03:57:21 QR Code generated: C:\laragon\www\final-project\midtrans/../uploads/qr_code/qr_6_.png
2024-12-19 03:57:21 Email sent to: gegat95020@mowline.com with QR Code
2024-12-19 03:57:22 PDF invoice generated: C:\laragon\www\final-project\src/../assets/uploads/invoices/invoice_order_6763997e4fd244.06686310.pdf
2024-12-19 04:02:34 Decoded custom_field1: Array
(
    [extra_field1] => Muhammad Ariel Ramo
    [extra_field2] => notolo7982@owube.com
    [extra_field3] => 085771282700
)

2024-12-19 04:02:34 Decoded custom_field2: Array
(
    [extra_field4] => ticket_67639ad55c6de0.70142030
    [extra_field5] => 6
    [extra_field6] => contoj acara berbayar
)

2024-12-19 04:02:35 PDF invoice generated: C:\laragon\www\final-project\src/../assets/uploads/invoices/invoice_order_67639ad55c6ed2.57549564.pdf
2024-12-19 04:18:34 Decoded custom_field1: Array
(
    [extra_field1] => Muhammad Ariel Ramo
    [extra_field2] => notolo7982@owube.com
    [extra_field3] => 085771282700
)

2024-12-19 04:18:34 Decoded custom_field2: Array
(
    [extra_field4] => ticket_67639ad55c6de0.70142030
    [extra_field5] => 6
    [extra_field6] => contoj acara berbayar
)

2024-12-19 04:21:29 Decoded custom_field1: Array
(
    [extra_field1] => Muhammad Ariel Ramo
    [extra_field2] => poroxak158@owube.com
    [extra_field3] => 085771282700
)

2024-12-19 04:21:29 Decoded custom_field2: Array
(
    [extra_field4] => ticket_67639f45360e31.57151933
    [extra_field5] => 6
    [extra_field6] => contoj acara berbayar
)

2024-12-19 04:21:29 Generating invoice for Order ID: order_67639f45360fb2.48274379
2024-12-19 04:21:33 Invoice sent successfully to poroxak158@owube.com
2024-12-19 04:21:33 Invoice sent to: poroxak158@owube.com
2024-12-19 04:25:25 Decoded custom_field1: Array
(
    [extra_field1] => Muhammad Ariel Ramo
    [extra_field2] => poroxak158@owube.com
    [extra_field3] => 085771282700
)

2024-12-19 04:25:25 Decoded custom_field2: Array
(
    [extra_field4] => ticket_67639f45360e31.57151933
    [extra_field5] => 6
    [extra_field6] => contoj acara berbayar
)

2024-12-19 04:25:28 QR Code generated: C:\laragon\www\final-project\midtrans/../uploads/qr_code/qr_6_.png
2024-12-19 04:25:28 Email sent to: poroxak158@owube.com with QR Code
2024-12-19 04:25:28 Generating invoice for Order ID: order_67639f45360fb2.48274379
2024-12-19 04:25:34 Invoice sent successfully to poroxak158@owube.com
2024-12-19 04:25:34 Invoice sent to: poroxak158@owube.com
2024-12-21 02:10:42 Decoded custom_field1: Array
(
    [extra_field1] => Muhammad Ariel Ramo
    [extra_field2] => arietimate@gmail.com
    [extra_field3] => 085771282700
)

2024-12-21 02:10:42 Decoded custom_field2: Array
(
    [extra_field4] => ticket_6766239cee4664.98435563
    [extra_field5] => 20
    [extra_field6] => bayar
)

2024-12-21 02:10:42 Generating invoice for Order ID: order_6766239cee4fb3.39485005
2024-12-21 02:10:49 Invoice sent successfully to arietimate@gmail.com
2024-12-21 02:10:49 Invoice sent to: arietimate@gmail.com
2024-12-21 02:15:16 Decoded custom_field1: Array
(
    [extra_field1] => Muhammad Ariel Ramo
    [extra_field2] => ramocr25@gmail.com
    [extra_field3] => 085771282700
)

2024-12-21 02:15:16 Decoded custom_field2: Array
(
    [extra_field4] => ticket_676624b0439419.40877192
    [extra_field5] => 20
    [extra_field6] => bayar
)

2024-12-21 02:15:16 Generating invoice for Order ID: order_676624b0439512.00365293
2024-12-21 02:15:23 Invoice sent successfully to ramocr25@gmail.com
2024-12-21 02:15:23 Invoice sent to: ramocr25@gmail.com
2024-12-21 02:21:11 Decoded custom_field1: Array
(
    [extra_field1] => Muhammad Ariel Ramo
    [extra_field2] => if23.muhammadramo@mhs.ubpkarawang.ac.id
    [extra_field3] => 085771282700
)

2024-12-21 02:21:11 Decoded custom_field2: Array
(
    [extra_field4] => ticket_676626145eb0c6.67253737
    [extra_field5] => 20
    [extra_field6] => bayar
)

2024-12-21 02:21:11 Generating invoice for Order ID: order_676626145eb179.44520014
2024-12-21 02:21:15 Invoice sent successfully to if23.muhammadramo@mhs.ubpkarawang.ac.id
2024-12-21 02:21:15 Invoice sent to: if23.muhammadramo@mhs.ubpkarawang.ac.id
2024-12-21 02:23:06 Decoded custom_field1: Array
(
    [extra_field1] => Muhammad Ariel Ramo
    [extra_field2] => if23.muhammadramo@mhs.ubpkarawang.ac.id
    [extra_field3] => 085771282700
)

2024-12-21 02:23:06 Decoded custom_field2: Array
(
    [extra_field4] => ticket_676626145eb0c6.67253737
    [extra_field5] => 20
    [extra_field6] => bayar
)

2024-12-21 02:23:10 QR Code generated: C:\laragon\www\final-project\midtrans/../uploads/qr_code/qr_20_.png
2024-12-21 02:23:10 Email sent to: if23.muhammadramo@mhs.ubpkarawang.ac.id with QR Code
2024-12-21 02:23:10 Generating invoice for Order ID: order_676626145eb179.44520014
2024-12-21 02:23:13 Invoice sent successfully to if23.muhammadramo@mhs.ubpkarawang.ac.id
2024-12-21 02:23:13 Invoice sent to: if23.muhammadramo@mhs.ubpkarawang.ac.id
2024-12-21 02:26:42 Decoded custom_field1: Array
(
    [extra_field1] => Muhammad Ariel Ramo
    [extra_field2] => arietimate@gmail.com
    [extra_field3] => 085771282700
)

2024-12-21 02:26:42 Decoded custom_field2: Array
(
    [extra_field4] => ticket_6766239cee4664.98435563
    [extra_field5] => 20
    [extra_field6] => bayar
)

2024-12-21 03:22:24 Decoded custom_field1: Array
(
    [extra_field1] => Muhammad Ariel Ramo
    [extra_field2] => arietimate@gmail.com
    [extra_field3] => 085771282700
)

2024-12-21 03:22:24 Decoded custom_field2: Array
(
    [extra_field4] => ticket_6766346b49f906.94877221
    [extra_field5] => 6
    [extra_field6] => contoj acara berbayar
)

2024-12-21 03:22:24 Generating invoice for Order ID: order_6766346b49f9f4.68664750
2024-12-21 03:22:28 Invoice sent successfully to arietimate@gmail.com
2024-12-21 03:22:28 Invoice sent to: arietimate@gmail.com
2024-12-21 03:23:17 Decoded custom_field1: Array
(
    [extra_field1] => Muhammad Ariel Ramo
    [extra_field2] => arietimate@gmail.com
    [extra_field3] => 085771282700
)

2024-12-21 03:23:17 Decoded custom_field2: Array
(
    [extra_field4] => ticket_6766346b49f906.94877221
    [extra_field5] => 6
    [extra_field6] => contoj acara berbayar
)

2024-12-21 03:23:21 QR Code generated: C:\laragon\www\final-project\midtrans/../uploads/qr_code/qr_6_.png
2024-12-21 03:23:21 Email sent to: arietimate@gmail.com with QR Code
2024-12-21 03:23:21 Generating invoice for Order ID: order_6766346b49f9f4.68664750
2024-12-21 03:23:25 Invoice sent successfully to arietimate@gmail.com
2024-12-21 03:23:25 Invoice sent to: arietimate@gmail.com
2024-12-21 03:35:57 Decoded custom_field1: Array
(
    [extra_field1] => Muhammad Ariel Ramo
    [extra_field2] => arietimate@gmail.com
    [extra_field3] => 085771282700
)

2024-12-21 03:35:57 Decoded custom_field2: Array
(
    [extra_field4] => ticket_67663794c8feb6.34925341
    [extra_field5] => 17
    [extra_field6] => aaaaaa
)

2024-12-21 03:35:57 Generating invoice for Order ID: order_67663794c90013.63276458
2024-12-21 03:36:02 Invoice sent successfully to arietimate@gmail.com
2024-12-21 03:36:02 Payment pending for Order ID: order_67663794c90013.63276458. Payment URL: 
2024-12-21 03:36:02 Invoice sent to: arietimate@gmail.com
2024-12-21 03:47:33 Decoded custom_field1: Array
(
    [extra_field1] => Muhammad Ariel Ramo
    [extra_field2] => arielramo2005@gmail.com
    [extra_field3] => 085771282700
)

2024-12-21 03:47:33 Decoded custom_field2: Array
(
    [extra_field4] => ticket_67663a3e005b49.01428389
    [extra_field5] => 17
    [extra_field6] => aaaaaa
)

2024-12-21 03:47:33 Generating invoice for Order ID: order_67663a3e005d26.18847642
2024-12-21 03:47:40 Invoice sent successfully to arielramo2005@gmail.com
2024-12-21 03:47:40 Payment pending for Order ID: order_67663a3e005d26.18847642. Payment URL: 
2024-12-21 03:47:40 Invoice sent to: arielramo2005@gmail.com
2024-12-21 03:51:58 Decoded custom_field1: Array
(
    [extra_field1] => Muhammad Ariel Ramo
    [extra_field2] => arietimate@gmail.com
    [extra_field3] => 085771282700
)

2024-12-21 03:51:58 Decoded custom_field2: Array
(
    [extra_field4] => ticket_67663794c8feb6.34925341
    [extra_field5] => 17
    [extra_field6] => aaaaaa
)

2024-12-21 03:51:58Custom fields tidak ditemukan atau formatnya tidak valid.2024-12-21 04:03:31 Decoded custom_field1: Array
(
    [extra_field1] => Muhammad Ariel Ramo
    [extra_field2] => arielramo2005@gmail.com
    [extra_field3] => 085771282700
)

2024-12-21 04:03:31 Decoded custom_field2: Array
(
    [extra_field4] => ticket_67663a3e005b49.01428389
    [extra_field5] => 17
    [extra_field6] => aaaaaa
)

2024-12-21 04:03:31Custom fields tidak ditemukan atau formatnya tidak valid.2024-12-21 04:09:32 Decoded custom_field1: Array
(
    [extra_field1] => Muhammad Ariel Ramo
    [extra_field2] => if23.muhammadramo@mhs.ubpkarawang.ac.id
    [extra_field3] => 085771282700
)

2024-12-21 04:09:32 Decoded custom_field2: Array
(
    [extra_field4] => ticket_67663f7769abc7.47920238
    [extra_field5] => 17
    [extra_field6] => aaaaaa
)

2024-12-21 04:09:32 Generating invoice for Order ID: order_67663f7769ae05.43629061
2024-12-21 04:09:36 Invoice sent successfully to if23.muhammadramo@mhs.ubpkarawang.ac.id
2024-12-21 04:09:36 Payment pending for Order ID: order_67663f7769ae05.43629061. Payment URL: paylink-order_67663f7769ae05.43629061
2024-12-21 04:09:36 Invoice sent to: if23.muhammadramo@mhs.ubpkarawang.ac.id
2024-12-21 04:25:34 Decoded custom_field1: Array
(
    [extra_field1] => Muhammad Ariel Ramo
    [extra_field2] => if23.muhammadramo@mhs.ubpkarawang.ac.id
    [extra_field3] => 085771282700
)

2024-12-21 04:25:34 Decoded custom_field2: Array
(
    [extra_field4] => ticket_67663f7769abc7.47920238
    [extra_field5] => 17
    [extra_field6] => aaaaaa
)

2024-12-21 04:41:55 Decoded custom_field1: Array
(
    [extra_field1] => Muhammad Ariel Ramo
    [extra_field2] => ramocr25@gmail.com
    [extra_field3] => 085771282700
)

2024-12-21 04:41:55 Decoded custom_field2: Array
(
    [extra_field4] => ticket_676646e8ca0cd6.53981535
    [extra_field5] => 17
    [extra_field6] => aaaaaa
)

2024-12-21 04:41:55Custom fields tidak ditemukan atau formatnya tidak valid.2024-12-21 04:43:30 Decoded custom_field1: Array
(
    [extra_field1] => Muhammad Ariel Ramo
    [extra_field2] => ramocr25@gmail.com
    [extra_field3] => 085771282700
)

2024-12-21 04:43:30 Decoded custom_field2: Array
(
    [extra_field4] => ticket_676646e8ca0cd6.53981535
    [extra_field5] => 17
    [extra_field6] => aaaaaa
)

2024-12-21 04:43:30Custom fields tidak ditemukan atau formatnya tidak valid.2024-12-21 04:47:40 Decoded custom_field1: Array
(
    [extra_field1] => Muhammad Ariel Ramo
    [extra_field2] => ramocr25@gmail.com
    [extra_field3] => 085771282700
)

2024-12-21 04:47:40 Decoded custom_field2: Array
(
    [extra_field4] => ticket_67664846c03b59.77478180
    [extra_field5] => 17
    [extra_field6] => aaaaaa
)

2024-12-21 04:47:40Custom fields tidak ditemukan atau formatnya tidak valid.2024-12-21 04:48:34 Decoded custom_field1: Array
(
    [extra_field1] => Muhammad Ariel Ramo
    [extra_field2] => ramocr25@gmail.com
    [extra_field3] => 085771282700
)

2024-12-21 04:48:34 Decoded custom_field2: Array
(
    [extra_field4] => ticket_6766489dddcc27.34454912
    [extra_field5] => 17
    [extra_field6] => aaaaaa
)

2024-12-21 04:48:34 Generating invoice for Order ID: order_6766489dddcce4.90832017
2024-12-21 04:48:38 Invoice sent successfully to ramocr25@gmail.com
2024-12-21 04:48:38 Payment pending for Order ID: order_6766489dddcce4.90832017. Payment URL: https://app.sandbox.midtrans.com/snap/v2/vtweb/
2024-12-21 04:48:38 Invoice sent to: ramocr25@gmail.com
2024-12-21 05:59:45 Decoded custom_field1: Array
(
    [extra_field1] => Muhammad Ariel Ramo
    [extra_field2] => poroxak158@owube.com
    [extra_field3] => 085771282700
)

2024-12-21 05:59:45 Decoded custom_field2: Array
(
    [extra_field4] => ticket_6766594b000206.68340850
    [extra_field5] => 17
    [extra_field6] => aaaaaa
)

2024-12-21 05:59:45Custom fields tidak ditemukan atau formatnya tidak valid.2024-12-21 06:15:46 Decoded custom_field1: Array
(
    [extra_field1] => Muhammad Ariel Ramo
    [extra_field2] => poroxak158@owube.com
    [extra_field3] => 085771282700
)

2024-12-21 06:15:46 Decoded custom_field2: Array
(
    [extra_field4] => ticket_6766594b000206.68340850
    [extra_field5] => 17
    [extra_field6] => aaaaaa
)

2024-12-21 06:15:46Custom fields tidak ditemukan atau formatnya tidak valid.2024-12-21 06:18:44 Decoded custom_field1: Array
(
    [extra_field1] => Muhammad Ariel Ramo
    [extra_field2] => bakop93916@rabitex.com
    [extra_field3] => 085771282700
)

2024-12-21 06:18:44 Decoded custom_field2: Array
(
    [extra_field4] => ticket_67665dbd6c3444.81695944
    [extra_field5] => 17
    [extra_field6] => aaaaaa
)

2024-12-21 06:18:44Custom fields tidak ditemukan atau formatnya tidak valid.Payment URL: https://app.sandbox.midtrans.com/snap/v4/redirection/a7852fbf-0cbe-4d61-890e-664fcd430faa
2024-12-21 06:23:48 Decoded custom_field1: Array
(
    [extra_field1] => Muhammad Ariel Ramo
    [extra_field2] => if23.muhammadramo@mhs.ubpkarawang.ac.id
    [extra_field3] => 085771282700
)

2024-12-21 06:23:48 Decoded custom_field2: Array
(
    [extra_field4] => ticket_67665eee4efef7.66423785
    [extra_field5] => 17
    [extra_field6] => aaaaaa
)

2024-12-21 06:23:48Custom fields tidak ditemukan atau formatnya tidak valid.Payment iafbaibiURL: https://app.sandbox.midtrans.com/snap/v4/redirection/2a112851-4804-44cb-8ab1-db579f6b486d
2024-12-21 06:32:02 Decoded custom_field1: Array
(
    [extra_field1] => Muhammad Ariel Ramo
    [extra_field2] => nitaco6004@owube.com
    [extra_field3] => 085771282700
)

2024-12-21 06:32:02 Decoded custom_field2: Array
(
    [extra_field4] => ticket_676660dc1518a0.83979158
    [extra_field5] => 17
    [extra_field6] => aaaaaa
)

2024-12-21 06:32:02Custom fields tidak ditemukan atau formatnya tidak valid.2024-12-21 06:34:46 Decoded custom_field1: Array
(
    [extra_field1] => Muhammad Ariel Ramo
    [extra_field2] => bakop93916@rabitex.com
    [extra_field3] => 085771282700
)

2024-12-21 06:34:46 Decoded custom_field2: Array
(
    [extra_field4] => ticket_67665dbd6c3444.81695944
    [extra_field5] => 17
    [extra_field6] => aaaaaa
)

2024-12-21 06:34:46Custom fields tidak ditemukan atau formatnya tidak valid.Payment iafbaibiURL: 
Payment URL: 
2024-12-21 06:39:49 Decoded custom_field1: Array
(
    [extra_field1] => Muhammad Ariel Ramo
    [extra_field2] => if23.muhammadramo@mhs.ubpkarawang.ac.id
    [extra_field3] => 085771282700
)

2024-12-21 06:39:49 Decoded custom_field2: Array
(
    [extra_field4] => ticket_67665eee4efef7.66423785
    [extra_field5] => 17
    [extra_field6] => aaaaaa
)

2024-12-21 06:39:49Custom fields tidak ditemukan atau formatnya tidak valid.Payment iafbaibiURL: 
2024-12-21 06:40:32 Decoded custom_field1: Array
(
    [extra_field1] => Muhammad Ariel Ramo
    [extra_field2] => gafir99536@owube.com
    [extra_field3] => 085771282700
)

2024-12-21 06:40:32 Decoded custom_field2: Array
(
    [extra_field4] => ticket_676662da714b46.09990449
    [extra_field5] => 20
    [extra_field6] => bayar
)

2024-12-21 06:40:32Custom fields tidak ditemukan atau formatnya tidak valid.Payment iafbaibiURL: https://app.sandbox.midtrans.com/snap/v4/redirection/79419a2f-132e-4bb0-9fb0-88a6ed0d178f
2024-12-21 06:45:05 Decoded custom_field1: Array
(
    [extra_field1] => Muhammad Ariel Ramo
    [extra_field2] => libisof301@owube.com
    [extra_field3] => 085771282700
)

2024-12-21 06:45:05 Decoded custom_field2: Array
(
    [extra_field4] => ticket_676663e9b9d207.44978555
    [extra_field5] => 20
    [extra_field6] => bayar
)

2024-12-21 06:45:05 Generating invoice for Order ID: order_676663e9b9d2d8.64227597
2024-12-21 06:45:12 Invoice sent successfully to libisof301@owube.com
2024-12-21 06:45:12 Payment pending for Order ID: order_676663e9b9d2d8.64227597. Payment URL: payment_url
2024-12-21 06:45:12 Invoice sent to: libisof301@owube.com
2024-12-21 06:48:01 Decoded custom_field1: Array
(
    [extra_field1] => Muhammad Ariel Ramo
    [extra_field2] => nitaco6004@owube.com
    [extra_field3] => 085771282700
)

2024-12-21 06:48:01 Decoded custom_field2: Array
(
    [extra_field4] => ticket_676660dc1518a0.83979158
    [extra_field5] => 17
    [extra_field6] => aaaaaa
)

2024-12-21 06:48:01Custom fields tidak ditemukan atau formatnya tidak valid.2024-12-21 06:56:31 Decoded custom_field1: Array
(
    [extra_field1] => Muhammad Ariel Ramo
    [extra_field2] => gafir99536@owube.com
    [extra_field3] => 085771282700
)

2024-12-21 06:56:31 Decoded custom_field2: Array
(
    [extra_field4] => ticket_676662da714b46.09990449
    [extra_field5] => 20
    [extra_field6] => bayar
)

2024-12-21 06:56:31Custom fields tidak ditemukan atau formatnya tidak valid.Payload with custom_field3: {"transaction_details":{"order_id":"order_676666ad69f985.55149118","gross_amount":"20000.00","payment_link_id":"paylink-order_676666ad69f985.55149118"},"customer_details":{"first_name":"Muhammad Ariel Ramo","email":"libisof301@owube.com","phone":"085771282700"},"item_details":[{"id":"6","price":"20000.00","quantity":1,"name":"contoj acara berbayar"}],"custom_field1":"{\"extra_field1\":\"Muhammad Ariel Ramo\",\"extra_field2\":\"libisof301@owube.com\",\"extra_field3\":\"085771282700\"}","custom_field2":"{\"extra_field4\":\"ticket_676666ad69f833.74965458\",\"extra_field5\":\"6\",\"extra_field6\":\"contoj acara berbayar\"}","custom_field3":"https:\/\/app.sandbox.midtrans.com\/snap\/v4\/redirection\/d9a818e1-5e61-4998-9f66-2e59c971f14b"}
Payment iafbaibiURL: https://app.sandbox.midtrans.com/snap/v4/redirection/d9a818e1-5e61-4998-9f66-2e59c971f14b
2024-12-21 06:56:49 Decoded custom_field1: Array
(
    [extra_field1] => Muhammad Ariel Ramo
    [extra_field2] => libisof301@owube.com
    [extra_field3] => 085771282700
)

2024-12-21 06:56:49 Decoded custom_field2: Array
(
    [extra_field4] => ticket_676666ad69f833.74965458
    [extra_field5] => 6
    [extra_field6] => contoj acara berbayar
)

2024-12-21 06:56:49Custom fields tidak ditemukan atau formatnya tidak valid.2024-12-21 07:01:05 Decoded custom_field1: Array
(
    [extra_field1] => Muhammad Ariel Ramo
    [extra_field2] => libisof301@owube.com
    [extra_field3] => 085771282700
)

2024-12-21 07:01:05 Decoded custom_field2: Array
(
    [extra_field4] => ticket_676663e9b9d207.44978555
    [extra_field5] => 20
    [extra_field6] => bayar
)

2024-12-21 07:09:11 Decoded custom_field1: Array
(
    [extra_field1] => Muhammad Ariel Ramo
    [extra_field2] => libisof301@owube.com
    [extra_field3] => 085771282700
)

2024-12-21 07:09:11 Decoded custom_field2: Array
(
    [extra_field4] => ticket_676666ad69f833.74965458
    [extra_field5] => 6
    [extra_field6] => contoj acara berbayar
)

2024-12-21 07:09:11 Decoded custom_field2: 
2024-12-21 07:09:11Custom fields tidak ditemukan atau formatnya tidak valid.Payload with custom_field3: {"transaction_details":{"order_id":"order_676669d49886c0.62387089","gross_amount":"20000.00","payment_link_id":"paylink-order_676669d49886c0.62387089"},"customer_details":{"first_name":"Muhammad Ariel Ramo","email":"noramob493@rabitex.com","phone":"085771282700"},"item_details":[{"id":"6","price":"20000.00","quantity":1,"name":"contoj acara berbayar"}],"custom_field1":"{\"extra_field1\":\"Muhammad Ariel Ramo\",\"extra_field2\":\"noramob493@rabitex.com\",\"extra_field3\":\"085771282700\"}","custom_field2":"{\"extra_field4\":\"ticket_676669d49885c6.12658529\",\"extra_field5\":\"6\",\"extra_field6\":\"contoj acara berbayar\"}","custom_field3":"https:\/\/app.sandbox.midtrans.com\/snap\/v4\/redirection\/e817ef9f-4d6d-47eb-8ed1-5d8f63f31c24"}
Payment iafbaibiURL: https://app.sandbox.midtrans.com/snap/v4/redirection/e817ef9f-4d6d-47eb-8ed1-5d8f63f31c24
2024-12-21 07:10:20 Decoded custom_field1: Array
(
    [extra_field1] => Muhammad Ariel Ramo
    [extra_field2] => noramob493@rabitex.com
    [extra_field3] => 085771282700
)

2024-12-21 07:10:20 Decoded custom_field2: Array
(
    [extra_field4] => ticket_676669d49885c6.12658529
    [extra_field5] => 6
    [extra_field6] => contoj acara berbayar
)

2024-12-21 07:10:20 Decoded custom_field2: 
2024-12-21 07:10:20Custom fields tidak ditemukan atau formatnya tidak valid.Payload with custom_field3: {"transaction_details":{"order_id":"order_67666a4f743921.24463870","gross_amount":"20000.00","payment_link_id":"paylink-order_67666a4f743921.24463870"},"customer_details":{"first_name":"Muhammad Ariel Ramo","email":"tihasa2659@ronete.com","phone":"085771282700"},"item_details":[{"id":"6","price":"20000.00","quantity":1,"name":"contoj acara berbayar"}],"custom_field1":"{\"extra_field1\":\"Muhammad Ariel Ramo\",\"extra_field2\":\"tihasa2659@ronete.com\",\"extra_field3\":\"085771282700\"}","custom_field2":"{\"extra_field4\":\"ticket_67666a4f7435b4.65035325\",\"extra_field5\":\"6\",\"extra_field6\":\"contoj acara berbayar\"}","custom_field3":"https:\/\/app.sandbox.midtrans.com\/snap\/v4\/redirection\/f95bdb15-a454-4103-bd84-9fb28e300dec"}
Payment iafbaibiURL: https://app.sandbox.midtrans.com/snap/v4/redirection/f95bdb15-a454-4103-bd84-9fb28e300dec
2024-12-21 07:12:22 Decoded custom_field1: Array
(
    [extra_field1] => Muhammad Ariel Ramo
    [extra_field2] => tihasa2659@ronete.com
    [extra_field3] => 085771282700
)

2024-12-21 07:12:22 Decoded custom_field2: Array
(
    [extra_field4] => ticket_67666a4f7435b4.65035325
    [extra_field5] => 6
    [extra_field6] => contoj acara berbayar
)

2024-12-21 07:12:22 Decoded custom_field3: 
2024-12-21 07:12:22Custom fields tidak ditemukan atau formatnya tidak valid.Payload with custom_field3: {"transaction_details":{"order_id":"order_67666ba2778a96.23746842","gross_amount":"20000.00","payment_link_id":"paylink-order_67666ba2778a96.23746842"},"customer_details":{"first_name":"Muhammad Ariel Ramo","email":"kamaci8428@rabitex.com","phone":"085771282700"},"item_details":[{"id":"6","price":"20000.00","quantity":1,"name":"contoj acara berbayar"}],"custom_field1":"{\"extra_field1\":\"Muhammad Ariel Ramo\",\"extra_field2\":\"kamaci8428@rabitex.com\",\"extra_field3\":\"085771282700\"}","custom_field2":"{\"extra_field4\":\"ticket_67666ba2778707.58607931\",\"extra_field5\":\"6\",\"extra_field6\":\"contoj acara berbayar\"}","custom_field3":"https:\/\/app.sandbox.midtrans.com\/snap\/v4\/redirection\/6628196f-bddf-4d02-9e0a-3d50f02e59eb"}
Payment iafbaibiURL: https://app.sandbox.midtrans.com/snap/v4/redirection/6628196f-bddf-4d02-9e0a-3d50f02e59eb
2024-12-21 07:18:01 Decoded custom_field1: Array
(
    [extra_field1] => Muhammad Ariel Ramo
    [extra_field2] => kamaci8428@rabitex.com
    [extra_field3] => 085771282700
)

2024-12-21 07:18:01 Decoded custom_field2: Array
(
    [extra_field4] => ticket_67666ba2778707.58607931
    [extra_field5] => 6
    [extra_field6] => contoj acara berbayar
)

2024-12-21 07:18:01 Decoded custom_field3: 
2024-12-21 07:18:01Custom fields tidak ditemukan atau formatnya tidak valid.Payload with custom_field3: {"transaction_details":{"order_id":"order_67666c77c2d082.87311736","gross_amount":"20000.00","payment_link_id":"paylink-order_67666c77c2d082.87311736"},"customer_details":{"first_name":"Muhammad Ariel Ramo","email":"rohiyo9492@ronete.com","phone":"085771282700"},"item_details":[{"id":"6","price":"20000.00","quantity":1,"name":"contoj acara berbayar"}],"custom_field1":"{\"extra_field1\":\"Muhammad Ariel Ramo\",\"extra_field2\":\"rohiyo9492@ronete.com\",\"extra_field3\":\"085771282700\"}","custom_field2":"{\"extra_field4\":\"ticket_67666c77c2b3c9.43467426\",\"extra_field5\":\"6\",\"extra_field6\":\"contoj acara berbayar\"}","custom_field3":"https:\/\/app.sandbox.midtrans.com\/snap\/v4\/redirection\/2404725a-9e7d-4191-8f37-42003f00b9b9"}
Payment iafbaibiURL: https://app.sandbox.midtrans.com/snap/v4/redirection/2404725a-9e7d-4191-8f37-42003f00b9b9
2024-12-21 07:21:33 Decoded custom_field1: Array
(
    [extra_field1] => Muhammad Ariel Ramo
    [extra_field2] => rohiyo9492@ronete.com
    [extra_field3] => 085771282700
)

2024-12-21 07:21:33 Decoded custom_field2: Array
(
    [extra_field4] => ticket_67666c77c2b3c9.43467426
    [extra_field5] => 6
    [extra_field6] => contoj acara berbayar
)

2024-12-21 07:21:33Custom fields tidak ditemukan atau formatnya tidak valid.Error: CURL Error: Could not resolve host: app.sandbox.midtrans.com
Payload with custom_field3: {"transaction_details":{"order_id":"order_67666d91127ab3.50998172","gross_amount":"20000.00","payment_link_id":"paylink-order_67666d91127ab3.50998172"},"customer_details":{"first_name":"Muhammad Ariel Ramo","email":"noseg64657@rabitex.com","phone":"085771282700"},"item_details":[{"id":"6","price":"20000.00","quantity":1,"name":"contoj acara berbayar"}],"custom_field1":"{\"extra_field1\":\"Muhammad Ariel Ramo\",\"extra_field2\":\"noseg64657@rabitex.com\",\"extra_field3\":\"085771282700\"}","custom_field2":"{\"extra_field4\":\"ticket_67666d91127974.67504036\",\"extra_field5\":\"6\",\"extra_field6\":\"contoj acara berbayar\"}","custom_field3":"https:\/\/app.sandbox.midtrans.com\/snap\/v4\/redirection\/b310a855-ddbf-45db-b765-3aad6389cf69"}
Payment iafbaibiURL: https://app.sandbox.midtrans.com/snap/v4/redirection/b310a855-ddbf-45db-b765-3aad6389cf69
2024-12-21 07:26:16 Decoded custom_field1: Array
(
    [extra_field1] => Muhammad Ariel Ramo
    [extra_field2] => noseg64657@rabitex.com
    [extra_field3] => 085771282700
)

2024-12-21 07:26:16 Decoded custom_field2: Array
(
    [extra_field4] => ticket_67666d91127974.67504036
    [extra_field5] => 6
    [extra_field6] => contoj acara berbayar
)

2024-12-21 07:26:16 Generating invoice for Order ID: order_67666d91127ab3.50998172
2024-12-21 07:26:19 Decoded custom_field1: Array
(
    [extra_field1] => Muhammad Ariel Ramo
    [extra_field2] => noramob493@rabitex.com
    [extra_field3] => 085771282700
)

2024-12-21 07:26:19 Decoded custom_field2: Array
(
    [extra_field4] => ticket_676669d49885c6.12658529
    [extra_field5] => 6
    [extra_field6] => contoj acara berbayar
)

2024-12-21 07:26:20 Invoice sent successfully to noseg64657@rabitex.com
2024-12-21 07:26:20 Payment pending for Order ID: order_67666d91127ab3.50998172. Payment URL: null
2024-12-21 07:26:20 Invoice sent to: noseg64657@rabitex.com
2024-12-21 07:28:22 Decoded custom_field1: Array
(
    [extra_field1] => Muhammad Ariel Ramo
    [extra_field2] => tihasa2659@ronete.com
    [extra_field3] => 085771282700
)

2024-12-21 07:28:22 Decoded custom_field2: Array
(
    [extra_field4] => ticket_67666a4f7435b4.65035325
    [extra_field5] => 6
    [extra_field6] => contoj acara berbayar
)

2024-12-21 07:34:01 Decoded custom_field1: Array
(
    [extra_field1] => Muhammad Ariel Ramo
    [extra_field2] => kamaci8428@rabitex.com
    [extra_field3] => 085771282700
)

2024-12-21 07:34:01 Decoded custom_field2: Array
(
    [extra_field4] => ticket_67666ba2778707.58607931
    [extra_field5] => 6
    [extra_field6] => contoj acara berbayar
)

2024-12-21 07:37:34 Decoded custom_field1: Array
(
    [extra_field1] => Muhammad Ariel Ramo
    [extra_field2] => rohiyo9492@ronete.com
    [extra_field3] => 085771282700
)

2024-12-21 07:37:34 Decoded custom_field2: Array
(
    [extra_field4] => ticket_67666c77c2b3c9.43467426
    [extra_field5] => 6
    [extra_field6] => contoj acara berbayar
)

2024-12-21 07:42:15 Decoded custom_field1: Array
(
    [extra_field1] => Muhammad Ariel Ramo
    [extra_field2] => noseg64657@rabitex.com
    [extra_field3] => 085771282700
)

2024-12-21 07:42:15 Decoded custom_field2: Array
(
    [extra_field4] => ticket_67666d91127974.67504036
    [extra_field5] => 6
    [extra_field6] => contoj acara berbayar
)

Payload with custom_field3: {"transaction_details":{"order_id":"order_67667f47508115.79148252","gross_amount":"10000.00","payment_link_id":"paylink-order_67667f47508115.79148252"},"customer_details":{"first_name":"Muhammad Ariel Ramo","email":"arielramo2005@gmail.com","phone":"085771282700"},"item_details":[{"id":"20","price":"10000.00","quantity":1,"name":"bayar"}],"custom_field1":"{\"extra_field1\":\"Muhammad Ariel Ramo\",\"extra_field2\":\"arielramo2005@gmail.com\",\"extra_field3\":\"085771282700\"}","custom_field2":"{\"extra_field4\":\"ticket_67667f47508041.56774018\",\"extra_field5\":\"20\",\"extra_field6\":\"bayar\"}","custom_field3":"https:\/\/app.sandbox.midtrans.com\/snap\/v4\/redirection\/45d38ce2-6b16-4d78-93a9-878518e982e1"}
Payment iafbaibiURL: https://app.sandbox.midtrans.com/snap/v4/redirection/45d38ce2-6b16-4d78-93a9-878518e982e1
2024-12-21 08:41:57 Decoded custom_field1: Array
(
    [extra_field1] => Muhammad Ariel Ramo
    [extra_field2] => arielramo2005@gmail.com
    [extra_field3] => 085771282700
)

2024-12-21 08:41:57 Decoded custom_field2: Array
(
    [extra_field4] => ticket_67667f47508041.56774018
    [extra_field5] => 20
    [extra_field6] => bayar
)

2024-12-21 08:41:57 Generating invoice for Order ID: order_67667f47508115.79148252
2024-12-21 08:42:01 Invoice sent successfully to arielramo2005@gmail.com
2024-12-21 08:42:01 Payment pending for Order ID: order_67667f47508115.79148252. Payment URL: 
2024-12-21 08:42:01 Invoice sent to: arielramo2005@gmail.com
2024-12-21 08:42:43 Decoded custom_field1: Array
(
    [extra_field1] => Muhammad Ariel Ramo
    [extra_field2] => arielramo2005@gmail.com
    [extra_field3] => 085771282700
)

2024-12-21 08:42:43 Decoded custom_field2: Array
(
    [extra_field4] => ticket_67667f47508041.56774018
    [extra_field5] => 20
    [extra_field6] => bayar
)

2024-12-21 08:42:46 QR Code generated: C:\laragon\www\final-project\midtrans/../assets/uploads/qr_code/qr_20_.png
2024-12-21 08:42:46 Email sent to: arielramo2005@gmail.com with QR Code
2024-12-21 08:42:46 Generating invoice for Order ID: order_67667f47508115.79148252
2024-12-21 08:42:50 Invoice sent successfully to arielramo2005@gmail.com
2024-12-21 08:42:50 Invoice sent to: arielramo2005@gmail.com
Payload with custom_field3: {"transaction_details":{"order_id":"order_6766806c084b06.42685318","gross_amount":"10000.00","payment_link_id":"paylink-order_6766806c084b06.42685318"},"customer_details":{"first_name":"Muhammad Ariel Ramo","email":"arielramo2005@gmail.com","phone":"085771282700"},"item_details":[{"id":"20","price":"10000.00","quantity":1,"name":"bayar"}],"custom_field1":"{\"extra_field1\":\"Muhammad Ariel Ramo\",\"extra_field2\":\"arielramo2005@gmail.com\",\"extra_field3\":\"085771282700\"}","custom_field2":"{\"extra_field4\":\"ticket_6766806c084a67.07908545\",\"extra_field5\":\"20\",\"extra_field6\":\"bayar\"}","custom_field3":"https:\/\/app.sandbox.midtrans.com\/snap\/v4\/redirection\/ba23bcf7-12b4-4eb1-8766-c20d87f67df4"}
Payment iafbaibiURL: https://app.sandbox.midtrans.com/snap/v4/redirection/ba23bcf7-12b4-4eb1-8766-c20d87f67df4
2024-12-21 08:46:44 Decoded custom_field1: Array
(
    [extra_field1] => Muhammad Ariel Ramo
    [extra_field2] => arielramo2005@gmail.com
    [extra_field3] => 085771282700
)

2024-12-21 08:46:44 Decoded custom_field2: Array
(
    [extra_field4] => ticket_6766806c084a67.07908545
    [extra_field5] => 20
    [extra_field6] => bayar
)

2024-12-21 08:46:44 Generating invoice for Order ID: order_6766806c084b06.42685318
2024-12-21 08:46:49 Invoice sent successfully to arielramo2005@gmail.com
2024-12-21 08:46:49 Payment pending for Order ID: order_6766806c084b06.42685318. Payment URL: 
2024-12-21 08:46:49 Invoice sent to: arielramo2005@gmail.com
2024-12-21 09:02:43 Decoded custom_field1: Array
(
    [extra_field1] => Muhammad Ariel Ramo
    [extra_field2] => arielramo2005@gmail.com
    [extra_field3] => 085771282700
)

2024-12-21 09:02:43 Decoded custom_field2: Array
(
    [extra_field4] => ticket_6766806c084a67.07908545
    [extra_field5] => 20
    [extra_field6] => bayar
)

Payload with custom_field3: {"transaction_details":{"order_id":"order_67668b962b8e22.32064778","gross_amount":"10000.00","payment_link_id":"paylink-order_67668b962b8e22.32064778"},"customer_details":{"first_name":"Muhammad Ariel Ramo","email":"arielramo2005@gmail.com","phone":"085771282700"},"item_details":[{"id":"24","price":"10000.00","quantity":1,"name":"dafoto"}],"custom_field1":"{\"extra_field1\":\"Muhammad Ariel Ramo\",\"extra_field2\":\"arielramo2005@gmail.com\",\"extra_field3\":\"085771282700\"}","custom_field2":"{\"extra_field4\":\"ticket_67668b962b8d58.73661185\",\"extra_field5\":\"24\",\"extra_field6\":\"dafoto\"}","custom_field3":"https:\/\/app.sandbox.midtrans.com\/snap\/v4\/redirection\/81893ae8-38d6-4a21-901f-f840681eabaa"}
Payment iafbaibiURL: https://app.sandbox.midtrans.com/snap/v4/redirection/81893ae8-38d6-4a21-901f-f840681eabaa
2024-12-21 09:34:18 Decoded custom_field1: Array
(
    [extra_field1] => Muhammad Ariel Ramo
    [extra_field2] => arielramo2005@gmail.com
    [extra_field3] => 085771282700
)

2024-12-21 09:34:18 Decoded custom_field2: Array
(
    [extra_field4] => ticket_67668b962b8d58.73661185
    [extra_field5] => 24
    [extra_field6] => dafoto
)

2024-12-21 09:34:18 Generating invoice for Order ID: order_67668b962b8e22.32064778
2024-12-21 09:34:22 Invoice sent successfully to arielramo2005@gmail.com
2024-12-21 09:34:22 Payment pending for Order ID: order_67668b962b8e22.32064778. Payment URL: 
2024-12-21 09:34:22 Invoice sent to: arielramo2005@gmail.com
2024-12-21 09:34:25 Decoded custom_field1: Array
(
    [extra_field1] => Muhammad Ariel Ramo
    [extra_field2] => arielramo2005@gmail.com
    [extra_field3] => 085771282700
)

2024-12-21 09:34:25 Decoded custom_field2: Array
(
    [extra_field4] => ticket_67668b962b8d58.73661185
    [extra_field5] => 24
    [extra_field6] => dafoto
)

2024-12-21 09:34:28 QR Code generated: C:\laragon\www\final-project\midtrans/../assets/uploads/qr_code/qr_24_.png
2024-12-21 09:34:28 Email sent to: arielramo2005@gmail.com with QR Code
2024-12-21 09:34:28 Generating invoice for Order ID: order_67668b962b8e22.32064778
2024-12-21 09:34:32 Invoice sent successfully to arielramo2005@gmail.com
2024-12-21 09:34:32 Invoice sent to: arielramo2005@gmail.com
Payload with custom_field3: {"transaction_details":{"order_id":"order_67668c0bb7e562.10988921","gross_amount":"10000.00","payment_link_id":"paylink-order_67668c0bb7e562.10988921"},"customer_details":{"first_name":"Muhammad Ariel Ramo","email":"arielramo2005@gmail.com","phone":"085771282700"},"item_details":[{"id":"22","price":"10000.00","quantity":1,"name":"aaaaaaaaaaaaaaaaaaaaaaaaaaa"}],"custom_field1":"{\"extra_field1\":\"Muhammad Ariel Ramo\",\"extra_field2\":\"arielramo2005@gmail.com\",\"extra_field3\":\"085771282700\"}","custom_field2":"{\"extra_field4\":\"ticket_67668c0bb7e4d9.86503405\",\"extra_field5\":\"22\",\"extra_field6\":\"aaaaaaaaaaaaaaaaaaaaaaaaaaa\"}","custom_field3":"https:\/\/app.sandbox.midtrans.com\/snap\/v4\/redirection\/17ce0e4b-02a6-437b-892d-afba6ad85299"}
Payment iafbaibiURL: https://app.sandbox.midtrans.com/snap/v4/redirection/17ce0e4b-02a6-437b-892d-afba6ad85299
2024-12-21 09:36:15 Decoded custom_field1: Array
(
    [extra_field1] => Muhammad Ariel Ramo
    [extra_field2] => arielramo2005@gmail.com
    [extra_field3] => 085771282700
)

2024-12-21 09:36:15 Decoded custom_field2: Array
(
    [extra_field4] => ticket_67668c0bb7e4d9.86503405
    [extra_field5] => 22
    [extra_field6] => aaaaaaaaaaaaaaaaaaaaaaaaaaa
)

2024-12-21 09:36:15 Generating invoice for Order ID: order_67668c0bb7e562.10988921
2024-12-21 09:36:19 Invoice sent successfully to arielramo2005@gmail.com
2024-12-21 09:36:19 Payment pending for Order ID: order_67668c0bb7e562.10988921. Payment URL: 
2024-12-21 09:36:19 Invoice sent to: arielramo2005@gmail.com
2024-12-21 09:36:21 Decoded custom_field1: Array
(
    [extra_field1] => Muhammad Ariel Ramo
    [extra_field2] => arielramo2005@gmail.com
    [extra_field3] => 085771282700
)

2024-12-21 09:36:21 Decoded custom_field2: Array
(
    [extra_field4] => ticket_67668c0bb7e4d9.86503405
    [extra_field5] => 22
    [extra_field6] => aaaaaaaaaaaaaaaaaaaaaaaaaaa
)

2024-12-21 09:36:25 QR Code generated: C:\laragon\www\final-project\midtrans/../assets/uploads/qr_code/qr_22_.png
2024-12-21 09:36:25 Email sent to: arielramo2005@gmail.com with QR Code
2024-12-21 09:36:25 Generating invoice for Order ID: order_67668c0bb7e562.10988921
2024-12-21 09:36:29 Invoice sent successfully to arielramo2005@gmail.com
2024-12-21 09:36:29 Invoice sent to: arielramo2005@gmail.com
Payload with custom_field3: {"transaction_details":{"order_id":"order_676960e4201132.21386037","gross_amount":"10000.00","payment_link_id":"paylink-order_676960e4201132.21386037"},"customer_details":{"first_name":"Muhammad Ariel Ramo","email":"gofagal772@rabitex.com","phone":"085771282700"},"item_details":[{"id":"20","price":"10000.00","quantity":1,"name":"bayar"}],"custom_field1":"{\"extra_field1\":\"Muhammad Ariel Ramo\",\"extra_field2\":\"gofagal772@rabitex.com\",\"extra_field3\":\"085771282700\"}","custom_field2":"{\"extra_field4\":\"ticket_676960e4201023.63897288\",\"extra_field5\":\"20\",\"extra_field6\":\"bayar\"}","custom_field3":"https:\/\/app.sandbox.midtrans.com\/snap\/v4\/redirection\/5a04f5d4-b527-479e-b792-9ffc2624a82d"}
Payment iafbaibiURL: https://app.sandbox.midtrans.com/snap/v4/redirection/5a04f5d4-b527-479e-b792-9ffc2624a82d
2024-12-23 13:08:58 Decoded custom_field1: Array
(
    [extra_field1] => Muhammad Ariel Ramo
    [extra_field2] => gofagal772@rabitex.com
    [extra_field3] => 085771282700
)

2024-12-23 13:08:58 Decoded custom_field2: Array
(
    [extra_field4] => ticket_676960e4201023.63897288
    [extra_field5] => 20
    [extra_field6] => bayar
)

2024-12-23 13:08:58 Generating invoice for Order ID: order_676960e4201132.21386037
2024-12-23 13:09:06 Invoice sent successfully to gofagal772@rabitex.com
2024-12-23 13:09:06 Payment pending for Order ID: order_676960e4201132.21386037. Payment URL: 
2024-12-23 13:09:06 Invoice sent to: gofagal772@rabitex.com
2024-12-23 13:11:08 Decoded custom_field1: Array
(
    [extra_field1] => Muhammad Ariel Ramo
    [extra_field2] => gofagal772@rabitex.com
    [extra_field3] => 085771282700
)

2024-12-23 13:11:08 Decoded custom_field2: Array
(
    [extra_field4] => ticket_676960e4201023.63897288
    [extra_field5] => 20
    [extra_field6] => bayar
)

2024-12-23 13:11:13 QR Code generated: C:\laragon\www\final-project\midtrans/../assets/uploads/qr_code/qr_20_.png
2024-12-23 13:11:13 Email sent to: gofagal772@rabitex.com with QR Code
2024-12-23 13:11:13 Generating invoice for Order ID: order_676960e4201132.21386037
2024-12-23 13:11:18 Invoice sent successfully to gofagal772@rabitex.com
2024-12-23 13:11:18 Invoice sent to: gofagal772@rabitex.com
Payload with custom_field3: {"transaction_details":{"order_id":"order_676961b9d5ae83.85103774","gross_amount":"10000.00","payment_link_id":"paylink-order_676961b9d5ae83.85103774"},"customer_details":{"first_name":"Muhammad Ariel Ramo","email":"gofagal772@rabitex.com","phone":"085771282700"},"item_details":[{"id":"20","price":"10000.00","quantity":1,"name":"bayar"}],"custom_field1":"{\"extra_field1\":\"Muhammad Ariel Ramo\",\"extra_field2\":\"gofagal772@rabitex.com\",\"extra_field3\":\"085771282700\"}","custom_field2":"{\"extra_field4\":\"ticket_676961b9d5ad49.52510684\",\"extra_field5\":\"20\",\"extra_field6\":\"bayar\"}","custom_field3":"https:\/\/app.sandbox.midtrans.com\/snap\/v4\/redirection\/a50c46db-4039-4bd1-9ef7-379bcf06de14"}
Payment iafbaibiURL: https://app.sandbox.midtrans.com/snap/v4/redirection/a50c46db-4039-4bd1-9ef7-379bcf06de14
2024-12-23 13:12:33 Decoded custom_field1: Array
(
    [extra_field1] => Muhammad Ariel Ramo
    [extra_field2] => gofagal772@rabitex.com
    [extra_field3] => 085771282700
)

2024-12-23 13:12:33 Decoded custom_field2: Array
(
    [extra_field4] => ticket_676961b9d5ad49.52510684
    [extra_field5] => 20
    [extra_field6] => bayar
)

2024-12-23 13:12:33 Generating invoice for Order ID: order_676961b9d5ae83.85103774
2024-12-23 13:12:37 Invoice sent successfully to gofagal772@rabitex.com
2024-12-23 13:12:37 Payment pending for Order ID: order_676961b9d5ae83.85103774. Payment URL: 
2024-12-23 13:12:37 Invoice sent to: gofagal772@rabitex.com
2024-12-23 13:12:49 Decoded custom_field1: Array
(
    [extra_field1] => Muhammad Ariel Ramo
    [extra_field2] => gofagal772@rabitex.com
    [extra_field3] => 085771282700
)

2024-12-23 13:12:49 Decoded custom_field2: Array
(
    [extra_field4] => ticket_676961b9d5ad49.52510684
    [extra_field5] => 20
    [extra_field6] => bayar
)

2024-12-23 13:12:52 QR Code generated: C:\laragon\www\final-project\midtrans/../assets/uploads/qr_code/qr_20_.png
2024-12-23 13:12:52 Email sent to: gofagal772@rabitex.com with QR Code
2024-12-23 13:12:52 Generating invoice for Order ID: order_676961b9d5ae83.85103774
2024-12-23 13:12:55 Invoice sent successfully to gofagal772@rabitex.com
2024-12-23 13:12:55 Invoice sent to: gofagal772@rabitex.com
Payload with custom_field3: {"transaction_details":{"order_id":"order_67696203b87896.00079701","gross_amount":"10000.00","payment_link_id":"paylink-order_67696203b87896.00079701"},"customer_details":{"first_name":"Muhammad Ariel Ramo","email":"gofagal772@rabitex.com","phone":"085771282700"},"item_details":[{"id":"20","price":"10000.00","quantity":1,"name":"bayar"}],"custom_field1":"{\"extra_field1\":\"Muhammad Ariel Ramo\",\"extra_field2\":\"gofagal772@rabitex.com\",\"extra_field3\":\"085771282700\"}","custom_field2":"{\"extra_field4\":\"ticket_67696203b87796.60048388\",\"extra_field5\":\"20\",\"extra_field6\":\"bayar\"}","custom_field3":"https:\/\/app.sandbox.midtrans.com\/snap\/v4\/redirection\/e10e1f78-bc25-409e-b6ee-96de6268055b"}
Payment iafbaibiURL: https://app.sandbox.midtrans.com/snap/v4/redirection/e10e1f78-bc25-409e-b6ee-96de6268055b
2024-12-23 13:13:44 Decoded custom_field1: Array
(
    [extra_field1] => Muhammad Ariel Ramo
    [extra_field2] => gofagal772@rabitex.com
    [extra_field3] => 085771282700
)

2024-12-23 13:13:44 Decoded custom_field2: Array
(
    [extra_field4] => ticket_67696203b87796.60048388
    [extra_field5] => 20
    [extra_field6] => bayar
)

2024-12-23 13:13:44 Generating invoice for Order ID: order_67696203b87896.00079701
2024-12-23 13:13:48 Invoice sent successfully to gofagal772@rabitex.com
2024-12-23 13:13:48 Payment pending for Order ID: order_67696203b87896.00079701. Payment URL: 
2024-12-23 13:13:48 Invoice sent to: gofagal772@rabitex.com
2024-12-23 13:13:50 Decoded custom_field1: Array
(
    [extra_field1] => Muhammad Ariel Ramo
    [extra_field2] => gofagal772@rabitex.com
    [extra_field3] => 085771282700
)

2024-12-23 13:13:50 Decoded custom_field2: Array
(
    [extra_field4] => ticket_67696203b87796.60048388
    [extra_field5] => 20
    [extra_field6] => bayar
)

2024-12-23 13:13:53 QR Code generated: C:\laragon\www\final-project\midtrans/../assets/uploads/qr_code/qr_20_.png
2024-12-23 13:13:53 Email sent to: gofagal772@rabitex.com with QR Code
2024-12-23 13:13:53 Generating invoice for Order ID: order_67696203b87896.00079701
2024-12-23 13:13:57 Invoice sent successfully to gofagal772@rabitex.com
2024-12-23 13:13:57 Invoice sent to: gofagal772@rabitex.com
Payload with custom_field3: {"transaction_details":{"order_id":"order_67696412eef3e5.28565102","gross_amount":"10000.00","payment_link_id":"paylink-order_67696412eef3e5.28565102"},"customer_details":{"first_name":"Muhammad Ariel Ramo","email":"gofagal772@rabitex.com","phone":"085771282700"},"item_details":[{"id":"20","price":"10000.00","quantity":1,"name":"bayar"}],"custom_field1":"{\"extra_field1\":\"Muhammad Ariel Ramo\",\"extra_field2\":\"gofagal772@rabitex.com\",\"extra_field3\":\"085771282700\"}","custom_field2":"{\"extra_field4\":\"ticket_67696412eef045.02467372\",\"extra_field5\":\"20\",\"extra_field6\":\"bayar\"}","custom_field3":"https:\/\/app.sandbox.midtrans.com\/snap\/v4\/redirection\/75992e0c-43d9-4245-81d9-bbbe5cf07990"}
Payment iafbaibiURL: https://app.sandbox.midtrans.com/snap/v4/redirection/75992e0c-43d9-4245-81d9-bbbe5cf07990
2024-12-23 13:22:32 Decoded custom_field1: Array
(
    [extra_field1] => Muhammad Ariel Ramo
    [extra_field2] => gofagal772@rabitex.com
    [extra_field3] => 085771282700
)

2024-12-23 13:22:32 Decoded custom_field2: Array
(
    [extra_field4] => ticket_67696412eef045.02467372
    [extra_field5] => 20
    [extra_field6] => bayar
)

2024-12-23 13:22:32 Generating invoice for Order ID: order_67696412eef3e5.28565102
2024-12-23 13:22:35 Invoice sent successfully to gofagal772@rabitex.com
2024-12-23 13:22:35 Payment pending for Order ID: order_67696412eef3e5.28565102. Payment URL: 
2024-12-23 13:22:35 Invoice sent to: gofagal772@rabitex.com
2024-12-23 13:22:37 Decoded custom_field1: Array
(
    [extra_field1] => Muhammad Ariel Ramo
    [extra_field2] => gofagal772@rabitex.com
    [extra_field3] => 085771282700
)

2024-12-23 13:22:37 Decoded custom_field2: Array
(
    [extra_field4] => ticket_67696412eef045.02467372
    [extra_field5] => 20
    [extra_field6] => bayar
)

2024-12-23 13:22:40 QR Code generated: C:\laragon\www\final-project\midtrans/../assets/uploads/qr_code/qr_20_.png
2024-12-23 13:22:40 Email sent to: gofagal772@rabitex.com with QR Code
2024-12-23 13:22:40 Generating invoice for Order ID: order_67696412eef3e5.28565102
2024-12-23 13:22:43 Invoice sent successfully to gofagal772@rabitex.com
2024-12-23 13:22:43 Invoice sent to: gofagal772@rabitex.com
Payload with custom_field3: {"transaction_details":{"order_id":"order_6769675599cdf9.45432591","gross_amount":"10000.00","payment_link_id":"paylink-order_6769675599cdf9.45432591"},"customer_details":{"first_name":"Muhammad Ariel Ramo","email":"gofagal772@rabitex.com","phone":"085771282700"},"item_details":[{"id":"20","price":"10000.00","quantity":1,"name":"bayar"}],"custom_field1":"{\"extra_field1\":\"Muhammad Ariel Ramo\",\"extra_field2\":\"gofagal772@rabitex.com\",\"extra_field3\":\"085771282700\"}","custom_field2":"{\"extra_field4\":\"ticket_6769675599cce3.13754813\",\"extra_field5\":\"20\",\"extra_field6\":\"bayar\"}","custom_field3":"https:\/\/app.sandbox.midtrans.com\/snap\/v4\/redirection\/f71d8672-128a-4e32-8da9-a99935e62075"}
Payment iafbaibiURL: https://app.sandbox.midtrans.com/snap/v4/redirection/f71d8672-128a-4e32-8da9-a99935e62075
2024-12-23 13:36:26 Decoded custom_field1: Array
(
    [extra_field1] => Muhammad Ariel Ramo
    [extra_field2] => gofagal772@rabitex.com
    [extra_field3] => 085771282700
)

2024-12-23 13:36:26 Decoded custom_field2: Array
(
    [extra_field4] => ticket_6769675599cce3.13754813
    [extra_field5] => 20
    [extra_field6] => bayar
)

2024-12-23 13:36:26 Generating invoice for Order ID: order_6769675599cdf9.45432591
2024-12-23 13:36:30 Invoice sent successfully to gofagal772@rabitex.com
2024-12-23 13:36:30 Payment pending for Order ID: order_6769675599cdf9.45432591. Payment URL: 
2024-12-23 13:36:30 Invoice sent to: gofagal772@rabitex.com
Payload with custom_field3: {"transaction_details":{"order_id":"order_676967872b2495.88105725","gross_amount":"10000.00","payment_link_id":"paylink-order_676967872b2495.88105725"},"customer_details":{"first_name":"Muhammad Ariel Ramo","email":"bokaga5494@mowline.com","phone":"085771282700"},"item_details":[{"id":"20","price":"10000.00","quantity":1,"name":"bayar"}],"custom_field1":"{\"extra_field1\":\"Muhammad Ariel Ramo\",\"extra_field2\":\"bokaga5494@mowline.com\",\"extra_field3\":\"085771282700\"}","custom_field2":"{\"extra_field4\":\"ticket_676967872b23e3.05266846\",\"extra_field5\":\"20\",\"extra_field6\":\"bayar\"}","custom_field3":"https:\/\/app.sandbox.midtrans.com\/snap\/v4\/redirection\/23dc7751-94ed-4bcb-86e7-93e503366365"}
Payment iafbaibiURL: https://app.sandbox.midtrans.com/snap/v4/redirection/23dc7751-94ed-4bcb-86e7-93e503366365
2024-12-23 13:37:14 Decoded custom_field1: Array
(
    [extra_field1] => Muhammad Ariel Ramo
    [extra_field2] => bokaga5494@mowline.com
    [extra_field3] => 085771282700
)

2024-12-23 13:37:14 Decoded custom_field2: Array
(
    [extra_field4] => ticket_676967872b23e3.05266846
    [extra_field5] => 20
    [extra_field6] => bayar
)

2024-12-23 13:37:14 Generating invoice for Order ID: order_676967872b2495.88105725
2024-12-23 13:37:17 Invoice sent successfully to bokaga5494@mowline.com
2024-12-23 13:37:17 Payment pending for Order ID: order_676967872b2495.88105725. Payment URL: 
2024-12-23 13:37:17 Invoice sent to: bokaga5494@mowline.com
2024-12-23 13:37:21 Decoded custom_field1: Array
(
    [extra_field1] => Muhammad Ariel Ramo
    [extra_field2] => bokaga5494@mowline.com
    [extra_field3] => 085771282700
)

2024-12-23 13:37:21 Decoded custom_field2: Array
(
    [extra_field4] => ticket_676967872b23e3.05266846
    [extra_field5] => 20
    [extra_field6] => bayar
)

2024-12-23 13:37:24 QR Code generated: C:\laragon\www\final-project\midtrans/../assets/uploads/qr_code/qr_20_.png
2024-12-23 13:37:24 Email sent to: bokaga5494@mowline.com with QR Code
2024-12-23 13:37:24 Generating invoice for Order ID: order_676967872b2495.88105725
2024-12-23 13:37:27 Invoice sent successfully to bokaga5494@mowline.com
2024-12-23 13:37:27 Invoice sent to: bokaga5494@mowline.com
Payload with custom_field3: {"transaction_details":{"order_id":"order_676967e498c6d5.97569262","gross_amount":"10000.00","payment_link_id":"paylink-order_676967e498c6d5.97569262"},"customer_details":{"first_name":"Muhammad Ariel Ramo","email":"bokaga5494@mowline.com","phone":"085771282700"},"item_details":[{"id":"20","price":"10000.00","quantity":1,"name":"bayar"}],"custom_field1":"{\"extra_field1\":\"Muhammad Ariel Ramo\",\"extra_field2\":\"bokaga5494@mowline.com\",\"extra_field3\":\"085771282700\"}","custom_field2":"{\"extra_field4\":\"ticket_676967e498c642.17358240\",\"extra_field5\":\"20\",\"extra_field6\":\"bayar\"}","custom_field3":"https:\/\/app.sandbox.midtrans.com\/snap\/v4\/redirection\/a9a0aa59-d314-49bf-b972-65d9b30911be"}
Payment iafbaibiURL: https://app.sandbox.midtrans.com/snap/v4/redirection/a9a0aa59-d314-49bf-b972-65d9b30911be
2024-12-23 13:38:48 Decoded custom_field1: Array
(
    [extra_field1] => Muhammad Ariel Ramo
    [extra_field2] => bokaga5494@mowline.com
    [extra_field3] => 085771282700
)

2024-12-23 13:38:48 Decoded custom_field2: Array
(
    [extra_field4] => ticket_676967e498c642.17358240
    [extra_field5] => 20
    [extra_field6] => bayar
)

2024-12-23 13:38:48 Generating invoice for Order ID: order_676967e498c6d5.97569262
2024-12-23 13:38:51 Invoice sent successfully to bokaga5494@mowline.com
2024-12-23 13:38:51 Payment pending for Order ID: order_676967e498c6d5.97569262. Payment URL: 
2024-12-23 13:38:51 Invoice sent to: bokaga5494@mowline.com
2024-12-23 13:38:53 Decoded custom_field1: Array
(
    [extra_field1] => Muhammad Ariel Ramo
    [extra_field2] => bokaga5494@mowline.com
    [extra_field3] => 085771282700
)

2024-12-23 13:38:53 Decoded custom_field2: Array
(
    [extra_field4] => ticket_676967e498c642.17358240
    [extra_field5] => 20
    [extra_field6] => bayar
)

2024-12-23 13:38:56 QR Code generated: C:\laragon\www\final-project\midtrans/../assets/uploads/qr_code/qr_20_.png
2024-12-23 13:38:56 Email sent to: bokaga5494@mowline.com with QR Code
2024-12-23 13:38:56 Generating invoice for Order ID: order_676967e498c6d5.97569262
2024-12-23 13:39:00 Invoice sent successfully to bokaga5494@mowline.com
2024-12-23 13:39:00 Invoice sent to: bokaga5494@mowline.com
2024-12-23 13:48:33 Decoded custom_field1: Array
(
    [extra_field1] => Muhammad Ariel Ramo
    [extra_field2] => bokaga5494@mowline.com
    [extra_field3] => 085771282700
)

2024-12-23 13:48:33 Decoded custom_field2: Array
(
    [extra_field4] => ticket_67696a2ddc6d16.07084866
    [extra_field5] => 20
    [extra_field6] => bayar
)

2024-12-23 13:48:33 Generating invoice for Order ID: order_67696a2ddc6e25.84818813
2024-12-23 13:48:36 Invoice sent successfully to bokaga5494@mowline.com
2024-12-23 13:48:36 Payment pending for Order ID: order_67696a2ddc6e25.84818813. Payment URL: 
2024-12-23 13:48:36 Invoice sent to: bokaga5494@mowline.com
2024-12-23 13:48:54 Decoded custom_field1: Array
(
    [extra_field1] => Muhammad Ariel Ramo
    [extra_field2] => bokaga5494@mowline.com
    [extra_field3] => 085771282700
)

2024-12-23 13:48:54 Decoded custom_field2: Array
(
    [extra_field4] => ticket_67696a2ddc6d16.07084866
    [extra_field5] => 20
    [extra_field6] => bayar
)

2024-12-23 13:48:57 QR Code generated: C:\laragon\www\final-project\midtrans/../assets/uploads/qr_code/qr_20_.png
2024-12-23 13:48:57 Email sent to: bokaga5494@mowline.com with QR Code
2024-12-23 13:48:57 Generating invoice for Order ID: order_67696a2ddc6e25.84818813
2024-12-23 13:49:00 Invoice sent successfully to bokaga5494@mowline.com
2024-12-23 13:49:00 Invoice sent to: bokaga5494@mowline.com
2024-12-23 13:52:27 Decoded custom_field1: Array
(
    [extra_field1] => Muhammad Ariel Ramo
    [extra_field2] => gofagal772@rabitex.com
    [extra_field3] => 085771282700
)

2024-12-23 13:52:27 Decoded custom_field2: 
2024-12-23 13:52:27Custom fields tidak ditemukan atau formatnya tidak valid.2024-12-23 14:03:43 Decoded custom_field1: Array
(
    [extra_field1] => Muhammad Ariel Ramo
    [extra_field2] => arietimate@gmail.com
    [extra_field3] => 085771282700
)

2024-12-23 14:03:43 Decoded custom_field2: Array
(
    [extra_field4] => ticket_67696da8107d19.23101125
    [extra_field5] => 26
    [extra_field6] => bayar 2
)

2024-12-23 14:03:43 Decoded custom_field2: Array
(
    [extra_field7] => 1177
)

2024-12-23 14:03:43 Generating invoice for Order ID: order_67696da8107dd3.07980406
2024-12-23 14:03:47 Invoice sent successfully to arietimate@gmail.com
2024-12-23 14:03:47 Payment pending for Order ID: order_67696da8107dd3.07980406. Payment URL: 
2024-12-23 14:03:47 Invoice sent to: arietimate@gmail.com
2024-12-23 14:03:51 Decoded custom_field1: Array
(
    [extra_field1] => Muhammad Ariel Ramo
    [extra_field2] => arietimate@gmail.com
    [extra_field3] => 085771282700
)

2024-12-23 14:03:51 Decoded custom_field2: Array
(
    [extra_field4] => ticket_67696da8107d19.23101125
    [extra_field5] => 26
    [extra_field6] => bayar 2
)

2024-12-23 14:03:51 Decoded custom_field2: Array
(
    [extra_field7] => 1177
)

2024-12-23 14:03:54 QR Code generated: C:\laragon\www\final-project\midtrans/../assets/uploads/qr_code/qr_26_1177.png
2024-12-23 14:03:54 Email sent to: arietimate@gmail.com with QR Code
2024-12-23 14:03:54 Generating invoice for Order ID: order_67696da8107dd3.07980406
2024-12-23 14:03:57 Invoice sent successfully to arietimate@gmail.com
2024-12-23 14:03:57 Invoice sent to: arietimate@gmail.com
2024-12-23 14:07:56 Decoded custom_field1: Array
(
    [extra_field1] => Muhammad Ariel Ramo
    [extra_field2] => arietimate@gmail.com
    [extra_field3] => 085771282700
)

2024-12-23 14:07:56 Decoded custom_field2: Array
(
    [extra_field4] => ticket_67696eb966c7b8.54394920
    [extra_field5] => 26
    [extra_field6] => bayar 2
)

2024-12-23 14:07:56 Decoded custom_field2: Array
(
    [extra_field7] => 1177
)

2024-12-23 14:07:56 Generating invoice for Order ID: order_67696eb966c860.26321619
2024-12-23 14:08:00 Invoice sent successfully to arietimate@gmail.com
2024-12-23 14:08:00 Payment pending for Order ID: order_67696eb966c860.26321619. Payment URL: 
2024-12-23 14:08:00 Invoice sent to: arietimate@gmail.com
2024-12-23 14:08:14 Decoded custom_field1: Array
(
    [extra_field1] => Muhammad Ariel Ramo
    [extra_field2] => arietimate@gmail.com
    [extra_field3] => 085771282700
)

2024-12-23 14:08:14 Decoded custom_field2: Array
(
    [extra_field4] => ticket_67696eb966c7b8.54394920
    [extra_field5] => 26
    [extra_field6] => bayar 2
)

2024-12-23 14:08:14 Decoded custom_field2: Array
(
    [extra_field7] => 1177
)

2024-12-23 14:08:17 QR Code generated: C:\laragon\www\final-project\midtrans/../assets/uploads/qr_code/qr_26_1177.png
2024-12-23 14:08:17 Email sent to: arietimate@gmail.com with QR Code
2024-12-23 14:08:17 Generating invoice for Order ID: order_67696eb966c860.26321619
2024-12-23 14:08:20 Invoice sent successfully to arietimate@gmail.com
2024-12-23 14:08:20 Invoice sent to: arietimate@gmail.com
2024-12-24 08:32:13 Invoice sent successfully to arielramo2005@gmail.com
2024-12-24 08:33:18 Invoice sent successfully to arielramo2005@gmail.com
2024-12-24 09:12:52 Decoded custom_field1: Array
(
    [extra_field1] => Muhammad Ariel Ramo
    [extra_field2] => arielramo2005@gmail.com
    [extra_field3] => 085771282700
)

2024-12-24 09:12:52 Decoded custom_field2: Array
(
    [extra_field4] => ticket_676a7b0e432f16.02024243
    [extra_field5] => 38
    [extra_field6] => bayar2
)

2024-12-24 09:12:52 Decoded custom_field2: Array
(
    [extra_field7] => 16
)

2024-12-24 09:12:52 Generating invoice for Order ID: order_676a7b0e4331b4.86260198
2024-12-24 09:12:56 Invoice sent successfully to arielramo2005@gmail.com
2024-12-24 09:12:56 Payment pending for Order ID: order_676a7b0e4331b4.86260198. Payment URL: 
2024-12-24 09:12:56 Invoice sent to: arielramo2005@gmail.com
2024-12-24 09:13:02 Decoded custom_field1: Array
(
    [extra_field1] => Muhammad Ariel Ramo
    [extra_field2] => arielramo2005@gmail.com
    [extra_field3] => 085771282700
)

2024-12-24 09:13:02 Decoded custom_field2: Array
(
    [extra_field4] => ticket_676a7b0e432f16.02024243
    [extra_field5] => 38
    [extra_field6] => bayar2
)

2024-12-24 09:13:02 Decoded custom_field2: Array
(
    [extra_field7] => 16
)

2024-12-24 09:13:06 QR Code generated: C:\laragon\www\final-project\midtrans/../assets/uploads/qr_code/qr_38_16.png
2024-12-24 09:13:06 Email sent to: arielramo2005@gmail.com with QR Code
2024-12-24 09:13:06 Generating invoice for Order ID: order_676a7b0e4331b4.86260198
2024-12-24 09:13:11 Invoice sent successfully to arielramo2005@gmail.com
2024-12-24 09:13:11 Invoice sent to: arielramo2005@gmail.com
